{"btc":0.06,"eth":2411.58845991,"exchange":"kucoin","level":"info","meta":14608142.8064938,"msg":"GatherBalance","time":"2018-11-26T15:56:51+09:00"}
{"btc":0.06,"eth":2411.91832893,"exchange":"kucoin","level":"info","meta":14600296.299665648,"msg":"GatherBalance","time":"2018-11-26T16:04:21+09:00"}
{"btc":"0.000000000000000000000000000000","eth":"1273.817004851244898000000000000000","exchange":"coinsuper","level":"info","meta":"15419150.657230720000000000000000000000","msg":"GatherBalance","time":"2018-11-26T16:04:21+09:00"}
{"btc":0.06,"eth":2411.91832893,"exchange":"kucoin","level":"info","meta":14600296.299665648,"msg":"GatherBalance","time":"2018-11-26T16:22:35+09:00"}
{"btc":"0.000000000000000000000000000000","eth":"1273.804107335958441200000000000000","exchange":"coinsuper","level":"info","meta":"15418834.509967520000000000000000000000","msg":"GatherBalance","time":"2018-11-26T16:22:36+09:00"}
{"btc":0,"eth":46.17849463638868,"exchange":"abcc","level":"info","meta":604702.51,"msg":"GatherBalance","time":"2018-11-26T16:33:46+09:00"}
{"btc":0.06,"eth":2411.90837616,"exchange":"kucoin","level":"info","meta":14600389.6096866,"msg":"GatherBalance","time":"2018-11-26T16:37:06+09:00"}
{"btc":"0.000000000000000000000000000000","eth":"1273.794544817206188600000000000000","exchange":"coinsuper","level":"info","meta":"15418589.532141860000000000000000000000","msg":"GatherBalance","time":"2018-11-26T16:37:07+09:00"}
{"btc":0,"eth":46.17849463638868,"exchange":"abcc","level":"info","meta":604702.51,"msg":"GatherBalance","time":"2018-11-26T16:37:07+09:00"}
{"btc":0.06,"eth":2411.9042824599996,"exchange":"kucoin","level":"info","meta":14600296.345037699,"msg":"GatherBalance","time":"2018-11-26T16:46:01+09:00"}
{"btc":"0.000000000000000000000000000000","eth":"1273.788308698929989800000000000000","exchange":"coinsuper","level":"info","meta":"15418427.989115320000000000000000000000","msg":"GatherBalance","time":"2018-11-26T16:46:02+09:00"}
{"btc":0,"eth":46.17849463638868,"exchange":"abcc","level":"info","meta":604702.51,"msg":"GatherBalance","time":"2018-11-26T16:46:02+09:00"}
{"btc":0.06,"eth":2411.90231898,"exchange":"kucoin","level":"info","meta":14600251.653662302,"msg":"GatherBalance","time":"2018-11-26T16:50:29+09:00"}
{"btc":"0.000000000000000000000000000000","eth":"1273.785328368036619200000000000000","exchange":"coinsuper","level":"info","meta":"15418357.794229920000000000000000000000","msg":"GatherBalance","time":"2018-11-26T16:50:30+09:00"}
{"btc":0,"eth":46.17849463638868,"exchange":"abcc","level":"info","meta":604702.51,"msg":"GatherBalance","time":"2018-11-26T16:50:31+09:00"}
{"btc":0.06,"eth":2411.898334,"exchange":"kucoin","level":"info","meta":14600160.869003449,"msg":"GatherBalance","time":"2018-11-26T17:00:32+09:00"}
{"btc":"0.000000000000000000000000000000","eth":"1273.778468312827802000000000000000","exchange":"coinsuper","level":"info","meta":"15418182.312789920000000000000000000000","msg":"GatherBalance","time":"2018-11-26T17:00:33+09:00"}
{"btc":0,"eth":46.17849463638868,"exchange":"abcc","level":"info","meta":604702.51,"msg":"GatherBalance","time":"2018-11-26T17:00:33+09:00"}
{"btc":0.06,"eth":2411.8956446499997,"exchange":"kucoin","level":"info","meta":14600099.291663252,"msg":"GatherBalance","time":"2018-11-26T17:10:34+09:00"}
{"btc":"0.000000000000000000000000000000","eth":"1273.772239544550105800000000000000","exchange":"coinsuper","level":"info","meta":"15418021.264151320000000000000000000000","msg":"GatherBalance","time":"2018-11-26T17:10:35+09:00"}
{"btc":0,"eth":46.17849463638868,"exchange":"abcc","level":"info","meta":604702.51,"msg":"GatherBalance","time":"2018-11-26T17:10:35+09:00"}
{"btc":0.06,"eth":2411.8956446499997,"exchange":"kucoin","level":"info","meta":14600099.291663252,"msg":"GatherBalance","time":"2018-11-26T17:20:40+09:00"}
{"btc":"0.000000000000000000000000000000","eth":"1273.766186072475133400000000000000","exchange":"coinsuper","level":"info","meta":"15417863.318539380000000000000000000000","msg":"GatherBalance","time":"2018-11-26T17:20:41+09:00"}
{"btc":0,"eth":46.17849463638868,"exchange":"abcc","level":"info","meta":604702.51,"msg":"GatherBalance","time":"2018-11-26T17:20:41+09:00"}
{"btc":0.06,"eth":2411.89348402,"exchange":"kucoin","level":"info","meta":14600049.797957148,"msg":"GatherBalance","time":"2018-11-26T17:30:42+09:00"}
{"btc":"0.000000000000000000000000000000","eth":"1273.759875461243877800000000000000","exchange":"coinsuper","level":"info","meta":"15417716.420137760000000000000000000000","msg":"GatherBalance","time":"2018-11-26T17:30:43+09:00"}
{"btc":0,"eth":46.17849463638868,"exchange":"abcc","level":"info","meta":604702.51,"msg":"GatherBalance","time":"2018-11-26T17:30:43+09:00"}
{"btc":0.06,"eth":2411.49587914,"exchange":"kucoin","level":"info","meta":14609061.57870455,"msg":"GatherBalance","time":"2018-11-26T17:40:44+09:00"}
{"btc":"0.000000000000000000000000000000","eth":"1273.752589569090701800000000000000","exchange":"coinsuper","level":"info","meta":"15417540.283674060000000000000000000000","msg":"GatherBalance","time":"2018-11-26T17:40:45+09:00"}
{"btc":0,"eth":46.17849463638868,"exchange":"abcc","level":"info","meta":604702.51,"msg":"GatherBalance","time":"2018-11-26T17:40:45+09:00"}
{"btc":0.06,"eth":2411.4897138799997,"exchange":"kucoin","level":"info","meta":14608919.19018685,"msg":"GatherBalance","time":"2018-11-26T17:51:05+09:00"}
{"btc":"0.000000000000000000000000000000","eth":"1273.745682608355836200000000000000","exchange":"coinsuper","level":"info","meta":"15417355.320253780000000000000000000000","msg":"GatherBalance","time":"2018-11-26T17:51:05+09:00"}
{"btc":0,"eth":46.17849463638868,"exchange":"abcc","level":"info","meta":604702.51,"msg":"GatherBalance","time":"2018-11-26T17:51:06+09:00"}
{"btc":0.06,"eth":2411.4856188599997,"exchange":"kucoin","level":"info","meta":14608824.6185399,"msg":"GatherBalance","time":"2018-11-26T18:01:06+09:00"}
{"btc":"0.000000000000000000000000000000","eth":"1273.887393313874901800000000000000","exchange":"coinsuper","level":"info","meta":"15413731.107055420000000000000000000000","msg":"GatherBalance","time":"2018-11-26T18:01:07+09:00"}
{"btc":0,"eth":46.17849463638868,"exchange":"abcc","level":"info","meta":604702.51,"msg":"GatherBalance","time":"2018-11-26T18:01:07+09:00"}
{"btc":0.06,"eth":2411.48190962,"exchange":"kucoin","level":"info","meta":14608738.9302985,"msg":"GatherBalance","time":"2018-11-26T18:11:08+09:00"}
{"btc":"0.000000000000000000000000000000","eth":"1279.081902110938739600000000000000","exchange":"coinsuper","level":"info","meta":"15302753.874656720000000000000000000000","msg":"GatherBalance","time":"2018-11-26T18:11:09+09:00"}
{"btc":0,"eth":46.17849463638868,"exchange":"abcc","level":"info","meta":604702.51,"msg":"GatherBalance","time":"2018-11-26T18:11:09+09:00"}
{"btc":0.06,"eth":2411.4770092599997,"exchange":"kucoin","level":"info","meta":14608625.8518724,"msg":"GatherBalance","time":"2018-11-26T18:21:19+09:00"}
{"btc":"0.000000000000000000000000000000","eth":"1279.074854565481691000000000000000","exchange":"coinsuper","level":"info","meta":"15302589.047393340000000000000000000000","msg":"GatherBalance","time":"2018-11-26T18:21:20+09:00"}
{"btc":0,"eth":46.17849463638868,"exchange":"abcc","level":"info","meta":604702.51,"msg":"GatherBalance","time":"2018-11-26T18:21:20+09:00"}
{"btc":0.06,"eth":2411.47044617,"exchange":"kucoin","level":"info","meta":14608474.3886506,"msg":"GatherBalance","time":"2018-11-26T18:31:21+09:00"}
{"btc":"0.000000000000000000000000000000","eth":"1279.068896051548215000000000000000","exchange":"coinsuper","level":"info","meta":"15302460.912590680000000000000000000000","msg":"GatherBalance","time":"2018-11-26T18:31:22+09:00"}
{"btc":0,"eth":46.17849463638868,"exchange":"abcc","level":"info","meta":604702.51,"msg":"GatherBalance","time":"2018-11-26T18:31:22+09:00"}
{"btc":0.06,"eth":2411.46539769,"exchange":"kucoin","level":"info","meta":14608358.572755001,"msg":"GatherBalance","time":"2018-11-26T18:41:23+09:00"}
{"btc":"0.000000000000000000000000000000","eth":"1285.063427523672511400000000000000","exchange":"coinsuper","level":"info","meta":"15177062.562505540000000000000000000000","msg":"GatherBalance","time":"2018-11-26T18:41:24+09:00"}
{"btc":0,"eth":46.17849463638868,"exchange":"abcc","level":"info","meta":604702.51,"msg":"GatherBalance","time":"2018-11-26T18:41:24+09:00"}
{"btc":0.06,"eth":2411.46119049,"exchange":"kucoin","level":"info","meta":14608262.5127545,"msg":"GatherBalance","time":"2018-11-26T18:51:29+09:00"}
{"btc":"0.000000000000000000000000000000","eth":"1285.056868023220953800000000000000","exchange":"coinsuper","level":"info","meta":"15176912.457727300000000000000000000000","msg":"GatherBalance","time":"2018-11-26T18:51:30+09:00"}
{"btc":0,"eth":46.17849463638868,"exchange":"abcc","level":"info","meta":604702.51,"msg":"GatherBalance","time":"2018-11-26T18:51:31+09:00"}
{"btc":0.06,"eth":2411.44645406,"exchange":"kucoin","level":"info","meta":14607925.1113611,"msg":"GatherBalance","time":"2018-11-26T19:01:32+09:00"}
{"btc":"0.000000000000000000000000000000","eth":"1285.049456663810875000000000000000","exchange":"coinsuper","level":"info","meta":"15176759.974663280000000000000000000000","msg":"GatherBalance","time":"2018-11-26T19:01:33+09:00"}
{"btc":0,"eth":46.17849463638868,"exchange":"abcc","level":"info","meta":604702.51,"msg":"GatherBalance","time":"2018-11-26T19:01:34+09:00"}
{"btc":0.06,"eth":2411.20276029,"exchange":"kucoin","level":"info","meta":14612375.6176729,"msg":"GatherBalance","time":"2018-11-26T19:11:35+09:00"}
{"btc":"0.000000000000000000000000000000","eth":"1285.043173554188108600000000000000","exchange":"coinsuper","level":"info","meta":"15176598.598236780000000000000000000000","msg":"GatherBalance","time":"2018-11-26T19:11:36+09:00"}
{"btc":0,"eth":46.17849463638868,"exchange":"abcc","level":"info","meta":604702.51,"msg":"GatherBalance","time":"2018-11-26T19:11:36+09:00"}
{"btc":0.06,"eth":2411.19351771,"exchange":"kucoin","level":"info","meta":14612161.51215455,"msg":"GatherBalance","time":"2018-11-26T19:21:44+09:00"}
{"btc":"0.000000000000000000000000000000","eth":"1285.035659205945685800000000000000","exchange":"coinsuper","level":"info","meta":"15176413.118422340000000000000000000000","msg":"GatherBalance","time":"2018-11-26T19:21:44+09:00"}
{"btc":0,"eth":46.17849463638868,"exchange":"abcc","level":"info","meta":604702.51,"msg":"GatherBalance","time":"2018-11-26T19:21:45+09:00"}
{"btc":0.06,"eth":2411.1609525699996,"exchange":"kucoin","level":"info","meta":14611405.339498099,"msg":"GatherBalance","time":"2018-11-26T19:31:46+09:00"}
{"btc":"0.000000000000000000000000000000","eth":"1285.029246088172543800000000000000","exchange":"coinsuper","level":"info","meta":"15176259.007760660000000000000000000000","msg":"GatherBalance","time":"2018-11-26T19:31:47+09:00"}
{"btc":0,"eth":46.17849463638868,"exchange":"abcc","level":"info","meta":604702.51,"msg":"GatherBalance","time":"2018-11-26T19:31:47+09:00"}
{"btc":0.06,"eth":2411.1488046299996,"exchange":"kucoin","level":"info","meta":14611123.12807115,"msg":"GatherBalance","time":"2018-11-26T19:41:48+09:00"}
{"btc":"0.000000000000000000000000000000","eth":"1285.022260445630420800000000000000","exchange":"coinsuper","level":"info","meta":"15176087.534249020000000000000000000000","msg":"GatherBalance","time":"2018-11-26T19:41:49+09:00"}
{"btc":0,"eth":46.17849463638868,"exchange":"abcc","level":"info","meta":604702.51,"msg":"GatherBalance","time":"2018-11-26T19:41:49+09:00"}
{"btc":0.06,"eth":2411.12990951,"exchange":"kucoin","level":"info","meta":14610685.45390725,"msg":"GatherBalance","time":"2018-11-26T19:51:58+09:00"}
{"btc":"0.000000000000000000000000000000","eth":"1285.016026300512328600000000000000","exchange":"coinsuper","level":"info","meta":"15175941.625176020000000000000000000000","msg":"GatherBalance","time":"2018-11-26T19:51:59+09:00"}
{"btc":0,"eth":46.17849463638868,"exchange":"abcc","level":"info","meta":604702.51,"msg":"GatherBalance","time":"2018-11-26T19:51:59+09:00"}
{"btc":0.06,"eth":2411.10017816,"exchange":"kucoin","level":"info","meta":14609996.43792685,"msg":"GatherBalance","time":"2018-11-26T20:02:00+09:00"}
{"btc":"0.000000000000000000000000000000","eth":"1285.008676634659480400000000000000","exchange":"coinsuper","level":"info","meta":"15175776.252288060000000000000000000000","msg":"GatherBalance","time":"2018-11-26T20:02:01+09:00"}
{"btc":0,"eth":46.17849463638868,"exchange":"abcc","level":"info","meta":604702.51,"msg":"GatherBalance","time":"2018-11-26T20:02:01+09:00"}
{"btc":0.06,"eth":2411.06384486,"exchange":"kucoin","level":"info","meta":14609153.10652795,"msg":"GatherBalance","time":"2018-11-26T20:12:02+09:00"}
{"btc":"0.000000000000000000000000000000","eth":"1285.000945344397457600000000000000","exchange":"coinsuper","level":"info","meta":"15175597.536780880000000000000000000000","msg":"GatherBalance","time":"2018-11-26T20:12:03+09:00"}
{"btc":0,"eth":46.17849463638868,"exchange":"abcc","level":"info","meta":604702.51,"msg":"GatherBalance","time":"2018-11-26T20:12:03+09:00"}
{"btc":0.06,"eth":2411.0462635599997,"exchange":"kucoin","level":"info","meta":14608728.202222649,"msg":"GatherBalance","time":"2018-11-26T20:22:12+09:00"}
{"btc":"0.000000000000000000000000000000","eth":"1284.993765227687771600000000000000","exchange":"coinsuper","level":"info","meta":"15175439.426828700000000000000000000000","msg":"GatherBalance","time":"2018-11-26T20:22:13+09:00"}
{"btc":0,"eth":46.17849463638868,"exchange":"abcc","level":"info","meta":604702.51,"msg":"GatherBalance","time":"2018-11-26T20:22:14+09:00"}
{"btc":0.06,"eth":2411.0336720299997,"exchange":"kucoin","level":"info","meta":14608448.12706575,"msg":"GatherBalance","time":"2018-11-26T20:32:15+09:00"}
{"btc":"0.000000000000000000000000000000","eth":"1284.986844326729163800000000000000","exchange":"coinsuper","level":"info","meta":"15175270.802239040000000000000000000000","msg":"GatherBalance","time":"2018-11-26T20:32:16+09:00"}
{"btc":0,"eth":46.17849463638868,"exchange":"abcc","level":"info","meta":604702.51,"msg":"GatherBalance","time":"2018-11-26T20:32:17+09:00"}
{"btc":0.06,"eth":2411.0309022499996,"exchange":"kucoin","level":"info","meta":14608377.51689875,"msg":"GatherBalance","time":"2018-11-26T20:42:17+09:00"}
{"btc":"0.000000000000000000000000000000","eth":"1284.980139621564419800000000000000","exchange":"coinsuper","level":"info","meta":"15175119.392293160000000000000000000000","msg":"GatherBalance","time":"2018-11-26T20:42:18+09:00"}
{"btc":0,"eth":46.17849463638868,"exchange":"abcc","level":"info","meta":604702.51,"msg":"GatherBalance","time":"2018-11-26T20:42:18+09:00"}
{"btc":0.06,"eth":2410.5193893399996,"exchange":"kucoin","level":"info","meta":14619985.1667358,"msg":"GatherBalance","time":"2018-11-26T20:52:27+09:00"}
{"btc":"0.000000000000000000000000000000","eth":"1284.974221859638419200000000000000","exchange":"coinsuper","level":"info","meta":"15174988.883396580000000000000000000000","msg":"GatherBalance","time":"2018-11-26T20:52:28+09:00"}
{"btc":0,"eth":46.17849463638868,"exchange":"abcc","level":"info","meta":604702.51,"msg":"GatherBalance","time":"2018-11-26T20:52:29+09:00"}
{"btc":0.06,"eth":2409.1840061999997,"exchange":"kucoin","level":"info","meta":14651064.171053499,"msg":"GatherBalance","time":"2018-11-26T21:02:30+09:00"}
{"btc":"0.000000000000000000000000000000","eth":"1284.967048213077373600000000000000","exchange":"coinsuper","level":"info","meta":"15174821.773100720000000000000000000000","msg":"GatherBalance","time":"2018-11-26T21:02:31+09:00"}
{"btc":0,"eth":46.17849463638868,"exchange":"abcc","level":"info","meta":604702.51,"msg":"GatherBalance","time":"2018-11-26T21:02:32+09:00"}
{"btc":0.06,"eth":2409.15450872,"exchange":"kucoin","level":"info","meta":14651765.70624475,"msg":"GatherBalance","time":"2018-11-26T21:12:33+09:00"}
{"btc":"0.000000000000000000000000000000","eth":"1284.959986310352996400000000000000","exchange":"coinsuper","level":"info","meta":"15174649.355247920000000000000000000000","msg":"GatherBalance","time":"2018-11-26T21:12:34+09:00"}
{"btc":0,"eth":46.17849463638868,"exchange":"abcc","level":"info","meta":604702.51,"msg":"GatherBalance","time":"2018-11-26T21:12:34+09:00"}
{"btc":0.06,"eth":2409.15450872,"exchange":"kucoin","level":"info","meta":14651765.70624475,"msg":"GatherBalance","time":"2018-11-26T21:22:44+09:00"}
{"btc":"0.000000000000000000000000000000","eth":"1284.953459803040505400000000000000","exchange":"coinsuper","level":"info","meta":"15174488.615705460000000000000000000000","msg":"GatherBalance","time":"2018-11-26T21:22:45+09:00"}
{"btc":0,"eth":46.17849463638868,"exchange":"abcc","level":"info","meta":604702.51,"msg":"GatherBalance","time":"2018-11-26T21:22:45+09:00"}
{"btc":0.06,"eth":2409.07965943,"exchange":"kucoin","level":"info","meta":14653580.1752964,"msg":"GatherBalance","time":"2018-11-26T21:32:46+09:00"}
{"btc":"0.000000000000000000000000000000","eth":"1284.946779442534247000000000000000","exchange":"coinsuper","level":"info","meta":"15174335.457074220000000000000000000000","msg":"GatherBalance","time":"2018-11-26T21:32:47+09:00"}
{"btc":0,"eth":46.17849463638868,"exchange":"abcc","level":"info","meta":604702.51,"msg":"GatherBalance","time":"2018-11-26T21:32:48+09:00"}
{"btc":0.06,"eth":2409.07866986,"exchange":"kucoin","level":"info","meta":14653604.33491055,"msg":"GatherBalance","time":"2018-11-26T21:42:48+09:00"}
{"btc":"0.000000000000000000000000000000","eth":"1284.940699093473542000000000000000","exchange":"coinsuper","level":"info","meta":"15174181.248374140000000000000000000000","msg":"GatherBalance","time":"2018-11-26T21:42:49+09:00"}
{"btc":0,"eth":46.17849463638868,"exchange":"abcc","level":"info","meta":604702.51,"msg":"GatherBalance","time":"2018-11-26T21:42:50+09:00"}
{"btc":0.06,"eth":2409.04171302,"exchange":"kucoin","level":"info","meta":14654492.2790164,"msg":"GatherBalance","time":"2018-11-26T21:52:58+09:00"}
{"btc":"0.000000000000000000000000000000","eth":"1284.933907045219169600000000000000","exchange":"coinsuper","level":"info","meta":"15174005.177643780000000000000000000000","msg":"GatherBalance","time":"2018-11-26T21:52:59+09:00"}
{"btc":0,"eth":46.17849463638868,"exchange":"abcc","level":"info","meta":604702.51,"msg":"GatherBalance","time":"2018-11-26T21:52:59+09:00"}
{"btc":0.06,"eth":2409.04171302,"exchange":"kucoin","level":"info","meta":14654492.2790164,"msg":"GatherBalance","time":"2018-11-26T22:03:00+09:00"}
{"btc":"0.000000000000000000000000000000","eth":"1284.926516852947033200000000000000","exchange":"coinsuper","level":"info","meta":"15173853.863469940000000000000000000000","msg":"GatherBalance","time":"2018-11-26T22:03:01+09:00"}
{"btc":0,"eth":46.17849463638868,"exchange":"abcc","level":"info","meta":604702.51,"msg":"GatherBalance","time":"2018-11-26T22:03:01+09:00"}
{"btc":0.06,"eth":2409.0415371699996,"exchange":"kucoin","level":"info","meta":14654488.072016649,"msg":"GatherBalance","time":"2018-11-26T22:13:02+09:00"}
{"btc":"0.000000000000000000000000000000","eth":"1285.070941888667481000000000000000","exchange":"coinsuper","level":"info","meta":"15170465.818178240000000000000000000000","msg":"GatherBalance","time":"2018-11-26T22:13:06+09:00"}
{"btc":0,"eth":46.17849463638868,"exchange":"abcc","level":"info","meta":604702.51,"msg":"GatherBalance","time":"2018-11-26T22:13:07+09:00"}
{"btc":0.06,"eth":2409.0415371699996,"exchange":"kucoin","level":"info","meta":14654488.072016649,"msg":"GatherBalance","time":"2018-11-26T22:23:15+09:00"}
{"btc":"0.000000000000000000000000000000","eth":"1285.062604249028460200000000000000","exchange":"coinsuper","level":"info","meta":"15170261.825292920000000000000000000000","msg":"GatherBalance","time":"2018-11-26T22:23:16+09:00"}
{"btc":0,"eth":46.17849463638868,"exchange":"abcc","level":"info","meta":604702.51,"msg":"GatherBalance","time":"2018-11-26T22:23:16+09:00"}
{"btc":0.06,"eth":2409.03477248,"exchange":"kucoin","level":"info","meta":14654330.17259385,"msg":"GatherBalance","time":"2018-11-26T22:33:17+09:00"}
{"btc":"0.000000000000000000000000000000","eth":"1285.054640450151031000000000000000","exchange":"coinsuper","level":"info","meta":"15170066.274732100000000000000000000000","msg":"GatherBalance","time":"2018-11-26T22:33:18+09:00"}
{"btc":0,"eth":46.17849463638868,"exchange":"abcc","level":"info","meta":604702.51,"msg":"GatherBalance","time":"2018-11-26T22:33:19+09:00"}
{"btc":0.06,"eth":2409.02524392,"exchange":"kucoin","level":"info","meta":14654110.9011882,"msg":"GatherBalance","time":"2018-11-26T22:43:20+09:00"}
{"btc":"0.000000000000000000000000000000","eth":"1285.047283998785610800000000000000","exchange":"coinsuper","level":"info","meta":"15169919.944553280000000000000000000000","msg":"GatherBalance","time":"2018-11-26T22:43:21+09:00"}
{"btc":0,"eth":46.17849463638868,"exchange":"abcc","level":"info","meta":604702.51,"msg":"GatherBalance","time":"2018-11-26T22:43:21+09:00"}
{"btc":0.06,"eth":2409.0132131299997,"exchange":"kucoin","level":"info","meta":14653830.29741665,"msg":"GatherBalance","time":"2018-11-26T22:53:33+09:00"}
{"btc":"0.000000000000000000000000000000","eth":"1285.040703245236383000000000000000","exchange":"coinsuper","level":"info","meta":"15169766.612770360000000000000000000000","msg":"GatherBalance","time":"2018-11-26T22:53:34+09:00"}
{"btc":0,"eth":46.17849463638868,"exchange":"abcc","level":"info","meta":604702.51,"msg":"GatherBalance","time":"2018-11-26T22:53:35+09:00"}
{"btc":0.06,"eth":2408.9896087999996,"exchange":"kucoin","level":"info","meta":14654201.95648095,"msg":"GatherBalance","time":"2018-11-26T23:03:36+09:00"}
{"btc":"0.000000000000000000000000000000","eth":"1285.033364334777497400000000000000","exchange":"coinsuper","level":"info","meta":"15169588.866083700000000000000000000000","msg":"GatherBalance","time":"2018-11-26T23:03:37+09:00"}
{"btc":0,"eth":46.17849463638868,"exchange":"abcc","level":"info","meta":604702.51,"msg":"GatherBalance","time":"2018-11-26T23:03:37+09:00"}
{"btc":0.06,"eth":2408.98578,"exchange":"kucoin","level":"info","meta":14654110.1942482,"msg":"GatherBalance","time":"2018-11-26T23:13:38+09:00"}
{"btc":"0.000000000000000000000000000000","eth":"1285.027182691036271400000000000000","exchange":"coinsuper","level":"info","meta":"15169443.080865760000000000000000000000","msg":"GatherBalance","time":"2018-11-26T23:13:40+09:00"}
{"btc":0,"eth":46.17849463638868,"exchange":"abcc","level":"info","meta":604702.51,"msg":"GatherBalance","time":"2018-11-26T23:13:41+09:00"}
{"btc":0.06,"eth":2408.98578,"exchange":"kucoin","level":"info","meta":14654110.1942482,"msg":"GatherBalance","time":"2018-11-26T23:23:42+09:00"}
{"btc":"0.000000000000000000000000000000","eth":"1285.035695484337673200000000000000","exchange":"coinsuper","level":"info","meta":"15169088.578351100000000000000000000000","msg":"GatherBalance","time":"2018-11-26T23:23:43+09:00"}
{"btc":0,"eth":46.17849463638868,"exchange":"abcc","level":"info","meta":604702.51,"msg":"GatherBalance","time":"2018-11-26T23:23:43+09:00"}
{"btc":0.06,"eth":2408.86104187,"exchange":"kucoin","level":"info","meta":14656978.55344385,"msg":"GatherBalance","time":"2018-11-26T23:33:44+09:00"}
{"btc":"0.000000000000000000000000000000","eth":"1285.029110751321649600000000000000","exchange":"coinsuper","level":"info","meta":"15168936.781549200000000000000000000000","msg":"GatherBalance","time":"2018-11-26T23:33:46+09:00"}
{"btc":0,"eth":46.17849463638868,"exchange":"abcc","level":"info","meta":604702.51,"msg":"GatherBalance","time":"2018-11-26T23:33:46+09:00"}
{"btc":0.06,"eth":2398.33065064,"exchange":"kucoin","level":"info","meta":14920671.34583585,"msg":"GatherBalance","time":"2018-11-26T23:43:47+09:00"}
{"btc":"0.000000000000000000000000000000","eth":"1285.022069496276613200000000000000","exchange":"coinsuper","level":"info","meta":"15168778.247998140000000000000000000000","msg":"GatherBalance","time":"2018-11-26T23:43:48+09:00"}
{"btc":0,"eth":46.17849463638868,"exchange":"abcc","level":"info","meta":604702.51,"msg":"GatherBalance","time":"2018-11-26T23:43:48+09:00"}
{"btc":0.06,"eth":2398.32437373,"exchange":"kucoin","level":"info","meta":14920513.49014145,"msg":"GatherBalance","time":"2018-11-26T23:53:56+09:00"}
{"btc":"0.000000000000000000000000000000","eth":"1285.015794596629651200000000000000","exchange":"coinsuper","level":"info","meta":"15168622.848401880000000000000000000000","msg":"GatherBalance","time":"2018-11-26T23:54:01+09:00"}
{"btc":0,"eth":46.17849463638868,"exchange":"abcc","level":"info","meta":604702.51,"msg":"GatherBalance","time":"2018-11-26T23:54:01+09:00"}
{"btc":0.06,"eth":2398.32115399,"exchange":"kucoin","level":"info","meta":14920432.37918745,"msg":"GatherBalance","time":"2018-11-27T00:04:02+09:00"}
{"btc":"0.000000000000000000000000000000","eth":"1285.009920297193406400000000000000","exchange":"coinsuper","level":"info","meta":"15168484.018933800000000000000000000000","msg":"GatherBalance","time":"2018-11-27T00:04:03+09:00"}
{"btc":0,"eth":46.17849463638868,"exchange":"abcc","level":"info","meta":604702.51,"msg":"GatherBalance","time":"2018-11-27T00:04:03+09:00"}
{"btc":0.06,"eth":2388.29938586,"exchange":"kucoin","level":"info","meta":15175246.61607395,"msg":"GatherBalance","time":"2018-11-27T00:14:04+09:00"}
{"btc":"0.000000000000000000000000000000","eth":"1285.003001898004172000000000000000","exchange":"coinsuper","level":"info","meta":"15168303.381790580000000000000000000000","msg":"GatherBalance","time":"2018-11-27T00:14:05+09:00"}
{"btc":0,"eth":46.17849463638868,"exchange":"abcc","level":"info","meta":604702.51,"msg":"GatherBalance","time":"2018-11-27T00:14:05+09:00"}
{"btc":0.06,"eth":2387.09645252,"exchange":"kucoin","level":"info","meta":15205228.261652,"msg":"GatherBalance","time":"2018-11-27T00:24:11+09:00"}
{"btc":"0.000000000000000000000000000000","eth":"1284.996134698577256200000000000000","exchange":"coinsuper","level":"info","meta":"15168130.949041240000000000000000000000","msg":"GatherBalance","time":"2018-11-27T00:24:12+09:00"}
{"btc":0,"eth":46.17849463638868,"exchange":"abcc","level":"info","meta":604702.51,"msg":"GatherBalance","time":"2018-11-27T00:24:13+09:00"}
{"btc":0.06,"eth":2386.83390241,"exchange":"kucoin","level":"info","meta":15211792.9256007,"msg":"GatherBalance","time":"2018-11-27T00:34:13+09:00"}
{"btc":"0.000000000000000000000000000000","eth":"1284.989569202327276600000000000000","exchange":"coinsuper","level":"info","meta":"15167985.198380660000000000000000000000","msg":"GatherBalance","time":"2018-11-27T00:34:14+09:00"}
{"btc":0,"eth":46.17849463638868,"exchange":"abcc","level":"info","meta":604702.51,"msg":"GatherBalance","time":"2018-11-27T00:34:15+09:00"}
{"btc":0.06,"eth":2365.14916997,"exchange":"kucoin","level":"info","meta":15781968.35184045,"msg":"GatherBalance","time":"2018-11-27T00:44:15+09:00"}
{"btc":"0.000000000000000000000000000000","eth":"1284.982852442029680600000000000000","exchange":"coinsuper","level":"info","meta":"15167803.155473520000000000000000000000","msg":"GatherBalance","time":"2018-11-27T00:44:16+09:00"}
{"btc":0,"eth":46.17849463638868,"exchange":"abcc","level":"info","meta":604702.51,"msg":"GatherBalance","time":"2018-11-27T00:44:16+09:00"}
{"btc":0.06,"eth":2365.1455682600003,"exchange":"kucoin","level":"info","meta":15781870.4470054,"msg":"GatherBalance","time":"2018-11-27T00:54:26+09:00"}
{"btc":"0.000000000000000000000000000000","eth":"1284.975764618232227800000000000000","exchange":"coinsuper","level":"info","meta":"15167641.264311600000000000000000000000","msg":"GatherBalance","time":"2018-11-27T00:54:27+09:00"}
{"btc":0,"eth":46.17849463638867,"exchange":"abcc","level":"info","meta":604702.51,"msg":"GatherBalance","time":"2018-11-27T00:54:27+09:00"}
{"btc":0.06,"eth":2365.1445677300003,"exchange":"kucoin","level":"info","meta":15781843.4290769,"msg":"GatherBalance","time":"2018-11-27T01:04:28+09:00"}
{"btc":"0.000000000000000000000000000000","eth":"1284.969727978989322000000000000000","exchange":"coinsuper","level":"info","meta":"15167479.649847660000000000000000000000","msg":"GatherBalance","time":"2018-11-27T01:04:29+09:00"}
{"btc":0,"eth":46.17849463638867,"exchange":"abcc","level":"info","meta":604702.51,"msg":"GatherBalance","time":"2018-11-27T01:04:29+09:00"}
{"btc":0.06,"eth":2365.13663204,"exchange":"kucoin","level":"info","meta":15781625.500345,"msg":"GatherBalance","time":"2018-11-27T01:14:30+09:00"}
{"btc":"0.000000000000000000000000000000","eth":"1284.963006024492104600000000000000","exchange":"coinsuper","level":"info","meta":"15167311.768890620000000000000000000000","msg":"GatherBalance","time":"2018-11-27T01:14:31+09:00"}
{"btc":0,"eth":46.17849463638867,"exchange":"abcc","level":"info","meta":604702.51,"msg":"GatherBalance","time":"2018-11-27T01:14:31+09:00"}
{"btc":0.06,"eth":2361.24129219,"exchange":"kucoin","level":"info","meta":15883015.67783415,"msg":"GatherBalance","time":"2018-11-27T01:24:38+09:00"}
{"btc":"0.000000000000000000000000000000","eth":"1284.956921886421560200000000000000","exchange":"coinsuper","level":"info","meta":"15167150.075925180000000000000000000000","msg":"GatherBalance","time":"2018-11-27T01:24:39+09:00"}
{"btc":0,"eth":46.17849463638867,"exchange":"abcc","level":"info","meta":604702.51,"msg":"GatherBalance","time":"2018-11-27T01:24:39+09:00"}
{"btc":0.06,"eth":2361.24076907,"exchange":"kucoin","level":"info","meta":15883002.2987575,"msg":"GatherBalance","time":"2018-11-27T01:34:40+09:00"}
{"btc":"0.000000000000000000000000000000","eth":"1284.951167922786886600000000000000","exchange":"coinsuper","level":"info","meta":"15166995.733828300000000000000000000000","msg":"GatherBalance","time":"2018-11-27T01:34:41+09:00"}
{"btc":0,"eth":46.17849463638867,"exchange":"abcc","level":"info","meta":604702.51,"msg":"GatherBalance","time":"2018-11-27T01:34:41+09:00"}
{"btc":0.06,"eth":2359.7534874000003,"exchange":"kucoin","level":"info","meta":15920485.65005475,"msg":"GatherBalance","time":"2018-11-27T01:44:42+09:00"}
{"btc":"0.000000000000000000000000000000","eth":"1284.945534118979548400000000000000","exchange":"coinsuper","level":"info","meta":"15166828.169312560000000000000000000000","msg":"GatherBalance","time":"2018-11-27T01:44:43+09:00"}
{"btc":0,"eth":46.17849463638867,"exchange":"abcc","level":"info","meta":604702.51,"msg":"GatherBalance","time":"2018-11-27T01:44:43+09:00"}
{"btc":0.06,"eth":2359.7534874000003,"exchange":"kucoin","level":"info","meta":15920485.65005475,"msg":"GatherBalance","time":"2018-11-27T01:54:54+09:00"}
{"btc":"0.000000000000000000000000000000","eth":"1284.939702529350734600000000000000","exchange":"coinsuper","level":"info","meta":"15166691.300382880000000000000000000000","msg":"GatherBalance","time":"2018-11-27T01:54:55+09:00"}
{"btc":0,"eth":46.17849463638867,"exchange":"abcc","level":"info","meta":604702.51,"msg":"GatherBalance","time":"2018-11-27T01:54:55+09:00"}
{"btc":0,"eth":0,"exchange":"kucoin","level":"info","meta":0,"msg":"GatherBalance","time":"2018-11-27T02:04:57+09:00"}
{"btc":"0.000000000000000000000000000000","eth":"1284.934371542212084600000000000000","exchange":"coinsuper","level":"info","meta":"15166541.961456400000000000000000000000","msg":"GatherBalance","time":"2018-11-27T02:04:57+09:00"}
{"btc":0,"eth":46.17849463638867,"exchange":"abcc","level":"info","meta":604702.51,"msg":"GatherBalance","time":"2018-11-27T02:04:58+09:00"}
{"btc":0.06,"eth":2359.7534874000003,"exchange":"kucoin","level":"info","meta":15920485.65005475,"msg":"GatherBalance","time":"2018-11-27T02:14:58+09:00"}
{"btc":"0.000000000000000000000000000000","eth":"1284.928313841455306800000000000000","exchange":"coinsuper","level":"info","meta":"15166380.932260960000000000000000000000","msg":"GatherBalance","time":"2018-11-27T02:14:59+09:00"}
{"btc":0,"eth":46.17849463638867,"exchange":"abcc","level":"info","meta":604702.51,"msg":"GatherBalance","time":"2018-11-27T02:14:59+09:00"}
{"btc":0.06,"eth":2359.7534874000003,"exchange":"kucoin","level":"info","meta":15920485.65005475,"msg":"GatherBalance","time":"2018-11-27T02:25:08+09:00"}
{"btc":"0.000000000000000000000000000000","eth":"1284.922330640292967400000000000000","exchange":"coinsuper","level":"info","meta":"15166222.676629220000000000000000000000","msg":"GatherBalance","time":"2018-11-27T02:25:09+09:00"}
{"btc":0,"eth":46.17849463638867,"exchange":"abcc","level":"info","meta":604702.51,"msg":"GatherBalance","time":"2018-11-27T02:25:09+09:00"}
{"btc":0.06,"eth":2359.7534874000003,"exchange":"kucoin","level":"info","meta":15920485.65005475,"msg":"GatherBalance","time":"2018-11-27T02:35:10+09:00"}
{"btc":"0.000000000000000000000000000000","eth":"1284.916853554357754400000000000000","exchange":"coinsuper","level":"info","meta":"15166067.070057540000000000000000000000","msg":"GatherBalance","time":"2018-11-27T02:35:11+09:00"}
{"btc":0,"eth":46.17849463638867,"exchange":"abcc","level":"info","meta":604702.51,"msg":"GatherBalance","time":"2018-11-27T02:35:12+09:00"}
{"btc":0.06,"eth":2359.7534874000003,"exchange":"kucoin","level":"info","meta":15920485.65005475,"msg":"GatherBalance","time":"2018-11-27T02:45:12+09:00"}
{"btc":"0.000000000000000000000000000000","eth":"1284.910674552858384400000000000000","exchange":"coinsuper","level":"info","meta":"15165896.357880200000000000000000000000","msg":"GatherBalance","time":"2018-11-27T02:45:14+09:00"}
{"btc":0,"eth":46.17849463638867,"exchange":"abcc","level":"info","meta":604702.51,"msg":"GatherBalance","time":"2018-11-27T02:45:14+09:00"}
{"btc":0.06,"eth":2359.7534874000003,"exchange":"kucoin","level":"info","meta":15920485.65005475,"msg":"GatherBalance","time":"2018-11-27T02:55:22+09:00"}
{"btc":"0.000000000000000000000000000000","eth":"1284.903246625564969600000000000000","exchange":"coinsuper","level":"info","meta":"15165695.132856400000000000000000000000","msg":"GatherBalance","time":"2018-11-27T02:55:22+09:00"}
{"btc":0,"eth":46.17849463638867,"exchange":"abcc","level":"info","meta":604702.51,"msg":"GatherBalance","time":"2018-11-27T02:55:23+09:00"}
{"btc":0.06,"eth":2359.7534874000003,"exchange":"kucoin","level":"info","meta":15920485.65005475,"msg":"GatherBalance","time":"2018-11-27T03:05:24+09:00"}
{"btc":"0.000000000000000000000000000000","eth":"1284.897473753482275000000000000000","exchange":"coinsuper","level":"info","meta":"15165548.934482380000000000000000000000","msg":"GatherBalance","time":"2018-11-27T03:05:25+09:00"}
{"btc":0,"eth":46.17849463638867,"exchange":"abcc","level":"info","meta":604702.51,"msg":"GatherBalance","time":"2018-11-27T03:05:25+09:00"}
{"btc":0.06,"eth":2357.46040478,"exchange":"kucoin","level":"info","meta":15978576.36176895,"msg":"GatherBalance","time":"2018-11-27T03:15:26+09:00"}
{"btc":"0.000000000000000000000000000000","eth":"1283.335717803032712200000000000000","exchange":"coinsuper","level":"info","meta":"15204508.011937240000000000000000000000","msg":"GatherBalance","time":"2018-11-27T03:15:27+09:00"}
{"btc":0,"eth":46.17849463638867,"exchange":"abcc","level":"info","meta":604702.51,"msg":"GatherBalance","time":"2018-11-27T03:15:27+09:00"}
{"btc":0.06,"eth":2357.46040478,"exchange":"kucoin","level":"info","meta":15978576.36176895,"msg":"GatherBalance","time":"2018-11-27T03:25:36+09:00"}
{"btc":"0.000000000000000000000000000000","eth":"1283.329361432311662000000000000000","exchange":"coinsuper","level":"info","meta":"15204340.259478340000000000000000000000","msg":"GatherBalance","time":"2018-11-27T03:25:37+09:00"}
{"btc":0,"eth":46.17849463638867,"exchange":"abcc","level":"info","meta":604702.51,"msg":"GatherBalance","time":"2018-11-27T03:25:37+09:00"}
{"btc":0.06,"eth":2357.45712032,"exchange":"kucoin","level":"info","meta":15978493.145096801,"msg":"GatherBalance","time":"2018-11-27T03:35:38+09:00"}
{"btc":"0.000000000000000000000000000000","eth":"1283.323347548435031000000000000000","exchange":"coinsuper","level":"info","meta":"15204172.064244140000000000000000000000","msg":"GatherBalance","time":"2018-11-27T03:35:39+09:00"}
{"btc":0,"eth":46.17849463638867,"exchange":"abcc","level":"info","meta":604702.51,"msg":"GatherBalance","time":"2018-11-27T03:35:39+09:00"}
{"btc":0.06,"eth":2356.43236938,"exchange":"kucoin","level":"info","meta":16004087.519679999,"msg":"GatherBalance","time":"2018-11-27T03:45:40+09:00"}
{"btc":"0.000000000000000000000000000000","eth":"1283.317034180888078600000000000000","exchange":"coinsuper","level":"info","meta":"15204021.234838380000000000000000000000","msg":"GatherBalance","time":"2018-11-27T03:45:41+09:00"}
{"btc":0,"eth":46.17849463638867,"exchange":"abcc","level":"info","meta":604702.51,"msg":"GatherBalance","time":"2018-11-27T03:45:41+09:00"}
{"btc":0.06,"eth":2355.84204618,"exchange":"kucoin","level":"info","meta":16018838.22054005,"msg":"GatherBalance","time":"2018-11-27T03:55:51+09:00"}
{"btc":"0.000000000000000000000000000000","eth":"1283.310046703984759200000000000000","exchange":"coinsuper","level":"info","meta":"15203844.091095740000000000000000000000","msg":"GatherBalance","time":"2018-11-27T03:55:52+09:00"}
{"btc":0,"eth":46.17849463638867,"exchange":"abcc","level":"info","meta":604702.51,"msg":"GatherBalance","time":"2018-11-27T03:55:52+09:00"}
{"btc":0.06,"eth":2355.78141592,"exchange":"kucoin","level":"info","meta":16020353.2191618,"msg":"GatherBalance","time":"2018-11-27T04:05:53+09:00"}
{"btc":"0.000000000000000000000000000000","eth":"1283.304321840875314000000000000000","exchange":"coinsuper","level":"info","meta":"15203710.725555420000000000000000000000","msg":"GatherBalance","time":"2018-11-27T04:05:54+09:00"}
{"btc":0,"eth":46.17849463638867,"exchange":"abcc","level":"info","meta":604702.51,"msg":"GatherBalance","time":"2018-11-27T04:05:54+09:00"}
{"btc":0.06,"eth":2355.78141592,"exchange":"kucoin","level":"info","meta":16020353.2191618,"msg":"GatherBalance","time":"2018-11-27T04:15:55+09:00"}
{"btc":"0.000000000000000000000000000000","eth":"1283.297494025957816400000000000000","exchange":"coinsuper","level":"info","meta":"15203533.972285160000000000000000000000","msg":"GatherBalance","time":"2018-11-27T04:15:56+09:00"}
{"btc":0,"eth":46.17849463638867,"exchange":"abcc","level":"info","meta":604702.51,"msg":"GatherBalance","time":"2018-11-27T04:15:56+09:00"}
{"btc":0.06,"eth":2355.78141592,"exchange":"kucoin","level":"info","meta":16020353.2191618,"msg":"GatherBalance","time":"2018-11-27T04:26:04+09:00"}
{"btc":"0.000000000000000000000000000000","eth":"1283.290862216901412200000000000000","exchange":"coinsuper","level":"info","meta":"15203384.206827260000000000000000000000","msg":"GatherBalance","time":"2018-11-27T04:26:04+09:00"}
{"btc":0,"eth":46.17849463638867,"exchange":"abcc","level":"info","meta":604702.51,"msg":"GatherBalance","time":"2018-11-27T04:26:05+09:00"}
{"btc":0.06,"eth":2355.78141592,"exchange":"kucoin","level":"info","meta":16020353.2191618,"msg":"GatherBalance","time":"2018-11-27T04:36:06+09:00"}
{"btc":"0.000000000000000000000000000000","eth":"1283.284631741716294800000000000000","exchange":"coinsuper","level":"info","meta":"15203222.697166120000000000000000000000","msg":"GatherBalance","time":"2018-11-27T04:36:07+09:00"}
{"btc":0,"eth":46.17849463638867,"exchange":"abcc","level":"info","meta":604702.51,"msg":"GatherBalance","time":"2018-11-27T04:36:07+09:00"}
{"btc":0.06,"eth":2355.78141592,"exchange":"kucoin","level":"info","meta":16020353.2191618,"msg":"GatherBalance","time":"2018-11-27T04:46:08+09:00"}
{"btc":"0.000000000000000000000000000000","eth":"1283.278828510497350000000000000000","exchange":"coinsuper","level":"info","meta":"15203076.679280600000000000000000000000","msg":"GatherBalance","time":"2018-11-27T04:46:09+09:00"}
{"btc":0,"eth":46.17849463638867,"exchange":"abcc","level":"info","meta":604702.51,"msg":"GatherBalance","time":"2018-11-27T04:46:09+09:00"}
{"btc":0.06,"eth":2355.78141592,"exchange":"kucoin","level":"info","meta":16020353.2191618,"msg":"GatherBalance","time":"2018-11-27T04:56:18+09:00"}
{"btc":"0.000000000000000000000000000000","eth":"1283.272261653396576400000000000000","exchange":"coinsuper","level":"info","meta":"15202904.486817640000000000000000000000","msg":"GatherBalance","time":"2018-11-27T04:56:19+09:00"}
{"btc":0,"eth":46.17849463638867,"exchange":"abcc","level":"info","meta":604702.51,"msg":"GatherBalance","time":"2018-11-27T04:56:19+09:00"}
{"btc":0.06,"eth":2355.78141592,"exchange":"kucoin","level":"info","meta":16020353.2191618,"msg":"GatherBalance","time":"2018-11-27T05:06:20+09:00"}
{"btc":"0.000000000000000000000000000000","eth":"1283.266378690637791600000000000000","exchange":"coinsuper","level":"info","meta":"15202750.602333300000000000000000000000","msg":"GatherBalance","time":"2018-11-27T05:06:21+09:00"}
{"btc":0,"eth":46.17849463638867,"exchange":"abcc","level":"info","meta":604702.51,"msg":"GatherBalance","time":"2018-11-27T05:06:21+09:00"}
{"btc":0.06,"eth":2355.78141592,"exchange":"kucoin","level":"info","meta":16020353.2191618,"msg":"GatherBalance","time":"2018-11-27T05:16:22+09:00"}
{"btc":"0.000000000000000000000000000000","eth":"1283.260192838113053200000000000000","exchange":"coinsuper","level":"info","meta":"15202596.495215860000000000000000000000","msg":"GatherBalance","time":"2018-11-27T05:16:23+09:00"}
{"btc":0,"eth":46.17849463638867,"exchange":"abcc","level":"info","meta":604702.51,"msg":"GatherBalance","time":"2018-11-27T05:16:23+09:00"}
{"btc":0.06,"eth":2355.78141592,"exchange":"kucoin","level":"info","meta":16020353.2191618,"msg":"GatherBalance","time":"2018-11-27T05:26:32+09:00"}
{"btc":"0.000000000000000000000000000000","eth":"1283.253199505185758400000000000000","exchange":"coinsuper","level":"info","meta":"15202431.458001200000000000000000000000","msg":"GatherBalance","time":"2018-11-27T05:26:33+09:00"}
{"btc":0,"eth":46.17849463638867,"exchange":"abcc","level":"info","meta":604702.51,"msg":"GatherBalance","time":"2018-11-27T05:26:33+09:00"}
{"btc":0.06,"eth":2355.78141592,"exchange":"kucoin","level":"info","meta":16020353.2191618,"msg":"GatherBalance","time":"2018-11-27T05:36:34+09:00"}
{"btc":"0.000000000000000000000000000000","eth":"1283.246869104094500800000000000000","exchange":"coinsuper","level":"info","meta":"15202266.253709960000000000000000000000","msg":"GatherBalance","time":"2018-11-27T05:36:35+09:00"}
{"btc":0,"eth":46.17849463638867,"exchange":"abcc","level":"info","meta":604702.51,"msg":"GatherBalance","time":"2018-11-27T05:36:35+09:00"}
{"btc":0.06,"eth":2355.78141592,"exchange":"kucoin","level":"info","meta":16020353.2191618,"msg":"GatherBalance","time":"2018-11-27T05:46:36+09:00"}
{"btc":"0.000000000000000000000000000000","eth":"1283.240322477500478200000000000000","exchange":"coinsuper","level":"info","meta":"15202109.017006060000000000000000000000","msg":"GatherBalance","time":"2018-11-27T05:46:37+09:00"}
{"btc":0,"eth":46.17849463638867,"exchange":"abcc","level":"info","meta":604702.51,"msg":"GatherBalance","time":"2018-11-27T05:46:37+09:00"}
