{"amount":2668.558349609375,"createdAt":"2019-04-19T09:53:06+09:00","exchange":"kucoin","fee":0.00012917823914904147,"level":"info","msg":"GatherTrades","orderID":"5cb91bf2dcfd8261a0dbc190","pair":"META-ETH","price":0.00011390000145183876,"side":"buy","time":"2019-04-19T10:07:15+09:00","volume":0.3039487898349762}
{"amount":164.3188934326172,"createdAt":"2019-04-19T09:53:05+09:00","exchange":"kucoin","fee":0.00001122955382015789,"level":"info","msg":"GatherTrades","orderID":"5cb91bf1dcfd8261a0dbc18d","pair":"META-ETH","price":0.00011390000145183876,"side":"buy","time":"2019-04-19T10:07:15+09:00","volume":0.01871592178940773}
{"amount":213,"createdAt":"2019-04-19T09:53:05+09:00","exchange":"kucoin","fee":0.00001454363973607542,"level":"info","msg":"GatherTrades","orderID":"5cb91bf1dcfd8261a0dbc18c","pair":"META-ETH","price":0.00011380000069038942,"side":"buy","time":"2019-04-19T10:07:15+09:00","volume":0.024239400401711464}
{"amount":26007.861328125,"createdAt":"2019-04-19T09:53:05+09:00","exchange":"kucoin","fee":0.0017758167814463377,"level":"info","msg":"GatherTrades","orderID":"5cb91bf1dcfd8261a0dbc18b","pair":"META-ETH","price":0.00011380000069038942,"side":"buy","time":"2019-04-19T10:07:15+09:00","volume":2.9596946239471436}
{"amount":126.97810363769531,"createdAt":"2019-04-19T09:53:05+09:00","exchange":"kucoin","fee":0.000008654827070131432,"level":"info","msg":"GatherTrades","orderID":"5cb91bf1dcfd8261a0dbc18a","pair":"META-ETH","price":0.00011359999916749075,"side":"buy","time":"2019-04-19T10:07:15+09:00","volume":0.014424712397158146}
{"amount":412,"createdAt":"2019-04-19T09:53:05+09:00","exchange":"kucoin","fee":0.000028007760192849673,"level":"info","msg":"GatherTrades","orderID":"5cb91bf1dcfd8261a0dbc189","pair":"META-ETH","price":0.00011329999688314274,"side":"buy","time":"2019-04-19T10:07:15+09:00","volume":0.046679601073265076}
{"amount":126.97810363769531,"createdAt":"2019-04-19T09:53:05+09:00","exchange":"kucoin","fee":0.000008609114956925623,"level":"info","msg":"GatherTrades","orderID":"5cb91bf1dcfd8261a0dbc188","pair":"META-ETH","price":0.00011300000187475234,"side":"buy","time":"2019-04-19T10:07:15+09:00","volume":0.014348525553941727}
{"amount":126.97810363769531,"createdAt":"2019-04-19T09:53:05+09:00","exchange":"kucoin","fee":0.000008571021680836566,"level":"info","msg":"GatherTrades","orderID":"5cb91bf1dcfd8261a0dbc187","pair":"META-ETH","price":0.00011249999806750566,"side":"buy","time":"2019-04-19T10:07:15+09:00","volume":0.014285036362707615}
{"amount":126.97810363769531,"createdAt":"2019-04-19T09:53:05+09:00","exchange":"kucoin","fee":0.000008525309567630757,"level":"info","msg":"GatherTrades","orderID":"5cb91bf1dcfd8261a0dbc186","pair":"META-ETH","price":0.00011190000077476725,"side":"buy","time":"2019-04-19T10:07:15+09:00","volume":0.014208849519491196}
{"amount":395473.78125,"createdAt":"2019-04-19T09:52:58+09:00","exchange":"kucoin","fee":0.026433467864990234,"level":"info","msg":"GatherTrades","orderID":"5cb91be9dcfd8261a0dbc182","pair":"META-ETH","price":0.00011139999696752056,"side":"sell","time":"2019-04-19T10:07:15+09:00","volume":44.05577850341797}
{"amount":126.97810363769531,"createdAt":"2019-04-19T09:52:58+09:00","exchange":"kucoin","fee":0.0000084872162915417,"level":"info","msg":"GatherTrades","orderID":"5cb91be9dcfd8261a0dbc181","pair":"META-ETH","price":0.00011139999696752056,"side":"sell","time":"2019-04-19T10:07:15+09:00","volume":0.014145360328257084}
{"amount":7081.66943359375,"createdAt":"2019-04-19T09:52:58+09:00","exchange":"kucoin","fee":0.0004737636772915721,"level":"info","msg":"GatherTrades","orderID":"5cb91be9dcfd8261a0dbc180","pair":"META-ETH","price":0.0001114999977289699,"side":"sell","time":"2019-04-19T10:07:15+09:00","volume":0.7896061539649963}
{"amount":26007.861328125,"createdAt":"2019-04-19T09:52:58+09:00","exchange":"kucoin","fee":0.0017399259377270937,"level":"info","msg":"GatherTrades","orderID":"5cb91be9dcfd8261a0dbc17f","pair":"META-ETH","price":0.0001114999977289699,"side":"sell","time":"2019-04-19T10:07:15+09:00","volume":2.899876594543457}
{"amount":7597.58837890625,"createdAt":"2019-04-19T09:52:58+09:00","exchange":"kucoin","fee":0.0005087344907224178,"level":"info","msg":"GatherTrades","orderID":"5cb91be9dcfd8261a0dbc17e","pair":"META-ETH","price":0.00011159999849041924,"side":"sell","time":"2019-04-19T10:07:15+09:00","volume":0.8478908538818359}
{"amount":213,"createdAt":"2019-04-19T09:52:58+09:00","exchange":"kucoin","fee":0.000014300820112111978,"level":"info","msg":"GatherTrades","orderID":"5cb91be9dcfd8261a0dbc17d","pair":"META-ETH","price":0.00011190000077476725,"side":"sell","time":"2019-04-19T10:07:15+09:00","volume":0.023834699764847755}
{"amount":126.97810363769531,"createdAt":"2019-04-19T09:52:58+09:00","exchange":"kucoin","fee":0.000008525309567630757,"level":"info","msg":"GatherTrades","orderID":"5cb91be9dcfd8261a0dbc17c","pair":"META-ETH","price":0.00011190000077476725,"side":"sell","time":"2019-04-19T10:07:15+09:00","volume":0.014208849519491196}
{"amount":2661.802490234375,"createdAt":"2019-04-19T09:52:58+09:00","exchange":"kucoin","fee":0.0001790328387869522,"level":"info","msg":"GatherTrades","orderID":"5cb91be9dcfd8261a0dbc17b","pair":"META-ETH","price":0.00011210000229766592,"side":"sell","time":"2019-04-19T10:07:15+09:00","volume":0.2983880639076233}
{"amount":412,"createdAt":"2019-04-19T09:52:58+09:00","exchange":"kucoin","fee":0.000027711119400919415,"level":"info","msg":"GatherTrades","orderID":"5cb91be9dcfd8261a0dbc17a","pair":"META-ETH","price":0.00011210000229766592,"side":"sell","time":"2019-04-19T10:07:15+09:00","volume":0.0461851991713047}
{"amount":126.97810363769531,"createdAt":"2019-04-19T09:52:58+09:00","exchange":"kucoin","fee":0.000008571021680836566,"level":"info","msg":"GatherTrades","orderID":"5cb91be9dcfd8261a0dbc179","pair":"META-ETH","price":0.00011249999806750566,"side":"sell","time":"2019-04-19T10:07:15+09:00","volume":0.014285036362707615}
{"amount":85.25749969482422,"createdAt":"2019-04-19T09:52:58+09:00","exchange":"kucoin","fee":0.00000575999683860573,"level":"info","msg":"GatherTrades","orderID":"5cb91be9dcfd8261a0dbc178","pair":"META-ETH","price":0.000112599998828955,"side":"sell","time":"2019-04-19T10:07:15+09:00","volume":0.009599994868040085}
{"amount":84.36940002441406,"createdAt":"2019-04-19T09:52:58+09:00","exchange":"kucoin","fee":0.000005699996563635068,"level":"info","msg":"GatherTrades","orderID":"5cb91be9dcfd8261a0dbc177","pair":"META-ETH","price":0.000112599998828955,"side":"sell","time":"2019-04-19T10:07:15+09:00","volume":0.009499994106590748}
{"amount":1.739400029182434,"createdAt":"2019-04-19T09:52:57+09:00","exchange":"kucoin","fee":1.1793132159709785e-7,"level":"info","msg":"GatherTrades","orderID":"5cb91be9dcfd8261a0dbc176","pair":"META-ETH","price":0.00011300000187475234,"side":"sell","time":"2019-04-19T10:07:15+09:00","volume":0.00019655219512060285}
{"amount":1,"createdAt":"2019-04-19T09:52:10+09:00","exchange":"kucoin","fee":6.834000032540644e-8,"level":"info","msg":"GatherTrades","orderID":"5cb91bbadcfd8261a0dbc175","pair":"META-ETH","price":0.00011390000145183876,"side":"buy","time":"2019-04-19T10:07:15+09:00","volume":0.00011390000145183876}
{"amount":1,"createdAt":"2019-04-19T09:15:52+09:00","exchange":"kucoin","fee":6.762000026583337e-8,"level":"info","msg":"GatherTrades","orderID":"5cb91338dcfd8261a0dbbfe0","pair":"META-ETH","price":0.00011269999959040433,"side":"buy","time":"2019-04-19T10:07:15+09:00","volume":0.00011269999959040433}
{"amount":1,"createdAt":"2019-04-19T09:15:34+09:00","exchange":"kucoin","fee":6.762000026583337e-8,"level":"info","msg":"GatherTrades","orderID":"5cb91326dcfd8261a0dbbfde","pair":"META-ETH","price":0.00011269999959040433,"side":"buy","time":"2019-04-19T10:07:15+09:00","volume":0.00011269999959040433}
{"amount":1,"createdAt":"2019-04-19T09:09:50+09:00","exchange":"kucoin","fee":6.780000205708347e-8,"level":"info","msg":"GatherTrades","orderID":"5cb911cedcfd8261a0dbbfb4","pair":"META-ETH","price":0.00011300000187475234,"side":"buy","time":"2019-04-19T10:07:15+09:00","volume":0.00011300000187475234}
{"amount":74.66100311279297,"createdAt":"2019-04-19T08:39:36+09:00","exchange":"kucoin","fee":0.0000050620155889191665,"level":"info","msg":"GatherTrades","orderID":"5cb90ab8dcfd8261a0dbbf83","pair":"META-ETH","price":0.00011300000187475234,"side":"buy","time":"2019-04-19T10:07:15+09:00","volume":0.008436692878603935}
{"amount":25.339000701904297,"createdAt":"2019-04-19T08:39:36+09:00","exchange":"kucoin","fee":0.0000017103825484809931,"level":"info","msg":"GatherTrades","orderID":"5cb90ab8dcfd8261a0dbbf82","pair":"META-ETH","price":0.00011249999806750566,"side":"buy","time":"2019-04-19T10:07:15+09:00","volume":0.002850637538358569}
{"amount":101.63909912109375,"createdAt":"2019-04-19T08:39:27+09:00","exchange":"kucoin","fee":0.000006860639132355573,"level":"info","msg":"GatherTrades","orderID":"5cb90aafdcfd8261a0dbbf80","pair":"META-ETH","price":0.00011249999806750566,"side":"buy","time":"2019-04-19T10:07:15+09:00","volume":0.011434398591518402}
{"amount":377.88238525390625,"createdAt":"2019-04-19T08:39:27+09:00","exchange":"kucoin","fee":0.000025416369680897333,"level":"info","msg":"GatherTrades","orderID":"5cb90aafdcfd8261a0dbbf7f","pair":"META-ETH","price":0.00011210000229766592,"side":"buy","time":"2019-04-19T10:07:15+09:00","volume":0.04236061871051788}
{"amount":120.47850036621094,"createdAt":"2019-04-19T08:39:27+09:00","exchange":"kucoin","fee":0.000008096155397652183,"level":"info","msg":"GatherTrades","orderID":"5cb90aafdcfd8261a0dbbf7e","pair":"META-ETH","price":0.00011200000153621659,"side":"buy","time":"2019-04-19T10:07:15+09:00","volume":0.013493591919541359}
{"amount":34.11759948730469,"createdAt":"2019-04-19T08:39:14+09:00","exchange":"kucoin","fee":0.0000022947497200220823,"level":"info","msg":"GatherTrades","orderID":"5cb90aa1dcfd8261a0dbbf76","pair":"META-ETH","price":0.00011210000229766592,"side":"buy","time":"2019-04-19T10:07:15+09:00","volume":0.0038245830219238997}
{"amount":126.97810363769531,"createdAt":"2019-04-19T08:39:14+09:00","exchange":"kucoin","fee":0.000008525309567630757,"level":"info","msg":"GatherTrades","orderID":"5cb90aa1dcfd8261a0dbbf75","pair":"META-ETH","price":0.00011190000077476725,"side":"buy","time":"2019-04-19T10:07:15+09:00","volume":0.014208849519491196}
{"amount":62438.90625,"createdAt":"2019-04-19T08:39:13+09:00","exchange":"kucoin","fee":0.0029429015703499317,"level":"info","msg":"GatherTrades","orderID":"5cb90aa1dcfd8261a0dbbf74","pair":"META-ETH","price":0.0001109000004362315,"side":"sell","time":"2019-04-19T10:07:15+09:00","volume":6.924474716186523}
{"amount":412,"createdAt":"2019-04-19T08:38:24+09:00","exchange":"kucoin","fee":0.00002741448042797856,"level":"info","msg":"GatherTrades","orderID":"5cb90a70dcfd8261a0dbbf6e","pair":"META-ETH","price":0.0001109000004362315,"side":"sell","time":"2019-04-19T10:07:15+09:00","volume":0.04569080099463463}
{"amount":2680.534423828125,"createdAt":"2019-04-19T08:38:24+09:00","exchange":"kucoin","fee":0.00017916692013386637,"level":"info","msg":"GatherTrades","orderID":"5cb90a70dcfd8261a0dbbf6d","pair":"META-ETH","price":0.00011139999696752056,"side":"sell","time":"2019-04-19T10:07:15+09:00","volume":0.29861152172088623}
{"amount":126.97810363769531,"createdAt":"2019-04-19T08:38:24+09:00","exchange":"kucoin","fee":0.0000084872162915417,"level":"info","msg":"GatherTrades","orderID":"5cb90a70dcfd8261a0dbbf6c","pair":"META-ETH","price":0.00011139999696752056,"side":"sell","time":"2019-04-19T10:07:15+09:00","volume":0.014145360328257084}
{"amount":126.97810363769531,"createdAt":"2019-04-19T08:38:24+09:00","exchange":"kucoin","fee":0.000008525309567630757,"level":"info","msg":"GatherTrades","orderID":"5cb90a70dcfd8261a0dbbf6b","pair":"META-ETH","price":0.00011190000077476725,"side":"sell","time":"2019-04-19T10:07:15+09:00","volume":0.014208849519491196}
{"amount":126.97810363769531,"createdAt":"2019-04-19T08:38:24+09:00","exchange":"kucoin","fee":0.000008571021680836566,"level":"info","msg":"GatherTrades","orderID":"5cb90a70dcfd8261a0dbbf6a","pair":"META-ETH","price":0.00011249999806750566,"side":"sell","time":"2019-04-19T10:07:15+09:00","volume":0.014285036362707615}
{"amount":87.62699890136719,"createdAt":"2019-04-19T08:38:24+09:00","exchange":"kucoin","fee":0.00000591482239542529,"level":"info","msg":"GatherTrades","orderID":"5cb90a70dcfd8261a0dbbf69","pair":"META-ETH","price":0.00011249999806750566,"side":"sell","time":"2019-04-19T10:07:15+09:00","volume":0.00985803734511137}
{"amount":249.94020080566406,"createdAt":"2019-04-19T06:39:29+09:00","exchange":"kucoin","fee":0.000016990934454952367,"level":"info","msg":"GatherTrades","orderID":"5cb8ee91dcfd8261a0dbbb02","pair":"META-ETH","price":0.00011329999688314274,"side":"buy","time":"2019-04-19T10:07:15+09:00","volume":0.028318224474787712}
{"amount":126.97810363769531,"createdAt":"2019-04-19T06:39:29+09:00","exchange":"kucoin","fee":0.000008609114956925623,"level":"info","msg":"GatherTrades","orderID":"5cb8ee91dcfd8261a0dbbb01","pair":"META-ETH","price":0.00011300000187475234,"side":"buy","time":"2019-04-19T10:07:15+09:00","volume":0.014348525553941727}
{"amount":2669.71484375,"createdAt":"2019-04-19T06:39:29+09:00","exchange":"kucoin","fee":0.00018068630015477538,"level":"info","msg":"GatherTrades","orderID":"5cb8ee91dcfd8261a0dbbb00","pair":"META-ETH","price":0.00011280000035185367,"side":"buy","time":"2019-04-19T10:07:15+09:00","volume":0.3011438548564911}
{"amount":153.36680603027344,"createdAt":"2019-04-19T06:39:29+09:00","exchange":"kucoin","fee":0.000010379864761489443,"level":"info","msg":"GatherTrades","orderID":"5cb8ee91dcfd8261a0dbbaff","pair":"META-ETH","price":0.00011280000035185367,"side":"buy","time":"2019-04-19T10:07:15+09:00","volume":0.017299775034189224}
{"amount":13650.134765625,"createdAt":"2019-04-19T06:39:06+09:00","exchange":"kucoin","fee":0.0009238410857506096,"level":"info","msg":"GatherTrades","orderID":"5cb8ee79dcfd8261a0dbbafb","pair":"META-ETH","price":0.00011280000035185367,"side":"buy","time":"2019-04-19T10:07:15+09:00","volume":1.539735198020935}
{"amount":849.8656005859375,"createdAt":"2019-04-19T06:39:05+09:00","exchange":"kucoin","fee":0.00005746791066485457,"level":"info","msg":"GatherTrades","orderID":"5cb8ee79dcfd8261a0dbbafa","pair":"META-ETH","price":0.00011269999959040433,"side":"buy","time":"2019-04-19T10:07:15+09:00","volume":0.09577985107898712}
{"amount":0.031599998474121094,"createdAt":"2019-04-19T06:37:54+09:00","exchange":"kucoin","fee":2.1329999988495274e-9,"level":"info","msg":"GatherTrades","orderID":"5cb8ee32dcfd8261a0dbbada","pair":"META-ETH","price":0.00011249999806750566,"side":"buy","time":"2019-04-19T10:07:15+09:00","volume":0.0000035549999211070826}
{"amount":412,"createdAt":"2019-04-19T06:37:54+09:00","exchange":"kucoin","fee":0.000027711119400919415,"level":"info","msg":"GatherTrades","orderID":"5cb8ee32dcfd8261a0dbbad9","pair":"META-ETH","price":0.00011210000229766592,"side":"buy","time":"2019-04-19T10:07:15+09:00","volume":0.0461851991713047}
{"amount":21164.01953125,"createdAt":"2019-04-12T01:24:20Z","exchange":"abcc","fee":0,"level":"info","msg":"GatherTrades","orderID":"326319673","pair":"metaeth","price":0.00013101000513415784,"side":"bid","time":"2019-04-19T10:07:15+09:00","volume":2.772698163986206}
{"amount":9395.58984375,"createdAt":"2019-04-12T01:24:11Z","exchange":"abcc","fee":0,"level":"info","msg":"GatherTrades","orderID":"326319611","pair":"metaeth","price":0.00015887999325059354,"side":"bid","time":"2019-04-19T10:07:15+09:00","volume":1.4927713871002197}
{"amount":209.5800018310547,"createdAt":"2019-04-12T01:23:20Z","exchange":"abcc","fee":0,"level":"info","msg":"GatherTrades","orderID":"326319270","pair":"metaeth","price":0.00015887999325059354,"side":"bid","time":"2019-04-19T10:07:15+09:00","volume":0.0332980714738369}
{"amount":301.94000244140625,"createdAt":"2019-04-12T01:22:36Z","exchange":"abcc","fee":0,"level":"info","msg":"GatherTrades","orderID":"326318997","pair":"metaeth","price":0.00014643999747931957,"side":"bid","time":"2019-04-19T10:07:15+09:00","volume":0.0442160926759243}
{"amount":1993.8199462890625,"createdAt":"2019-04-12T01:22:36Z","exchange":"abcc","fee":0,"level":"info","msg":"GatherTrades","orderID":"326318995","pair":"metaeth","price":0.00015887999325059354,"side":"bid","time":"2019-04-19T10:07:15+09:00","volume":0.31677812337875366}
{"amount":1050.9599609375,"createdAt":"2019-04-12T01:22:36Z","exchange":"abcc","fee":0,"level":"info","msg":"GatherTrades","orderID":"326318993","pair":"metaeth","price":0.0001449999981559813,"side":"bid","time":"2019-04-19T10:07:15+09:00","volume":0.15238919854164124}
{"amount":586,"createdAt":"2019-04-12T01:22:36Z","exchange":"abcc","fee":0,"level":"info","msg":"GatherTrades","orderID":"326318989","pair":"metaeth","price":0.0001584999990882352,"side":"bid","time":"2019-04-19T10:07:15+09:00","volume":0.09288100153207779}
{"amount":9812.26953125,"createdAt":"2019-04-12T01:22:36Z","exchange":"abcc","fee":0,"level":"info","msg":"GatherTrades","orderID":"326318987","pair":"metaeth","price":0.00014649999502580613,"side":"bid","time":"2019-04-19T10:07:15+09:00","volume":1.4374974966049194}
{"amount":3553.169921875,"createdAt":"2019-04-12T01:22:36Z","exchange":"abcc","fee":0,"level":"info","msg":"GatherTrades","orderID":"326318985","pair":"metaeth","price":0.00014000000373926014,"side":"bid","time":"2019-04-19T10:07:15+09:00","volume":0.4974437952041626}
{"amount":857.030029296875,"createdAt":"2019-04-12T01:22:35Z","exchange":"abcc","fee":0,"level":"info","msg":"GatherTrades","orderID":"326318983","pair":"metaeth","price":0.00013840000610798597,"side":"bid","time":"2019-04-19T10:07:15+09:00","volume":0.11861295253038406}
{"amount":999.989990234375,"createdAt":"2019-04-12T01:22:35Z","exchange":"abcc","fee":0,"level":"info","msg":"GatherTrades","orderID":"326318981","pair":"metaeth","price":0.0001340000017080456,"side":"bid","time":"2019-04-19T10:07:15+09:00","volume":0.13399866223335266}
{"amount":1239.6500244140625,"createdAt":"2019-04-12T01:22:35Z","exchange":"abcc","fee":0,"level":"info","msg":"GatherTrades","orderID":"326318977","pair":"metaeth","price":0.00013390000094659626,"side":"bid","time":"2019-04-19T10:07:15+09:00","volume":0.16598913073539734}
{"amount":20000,"createdAt":"2019-04-12T01:22:35Z","exchange":"abcc","fee":0,"level":"info","msg":"GatherTrades","orderID":"326318970","pair":"metaeth","price":0.0001320000010309741,"side":"bid","time":"2019-04-19T10:07:15+09:00","volume":2.640000104904175}
{"amount":261.9800109863281,"createdAt":"2019-04-12T01:13:05Z","exchange":"abcc","fee":0,"level":"info","msg":"GatherTrades","orderID":"326315274","pair":"metaeth","price":0.0001294999965466559,"side":"bid","time":"2019-04-19T10:07:15+09:00","volume":0.03392640873789787}
{"amount":1980.4599609375,"createdAt":"2019-04-12T01:13:05Z","exchange":"abcc","fee":0,"level":"info","msg":"GatherTrades","orderID":"326315270","pair":"metaeth","price":0.00012599000183399767,"side":"bid","time":"2019-04-19T10:07:15+09:00","volume":0.24951815605163574}
{"amount":680.52001953125,"createdAt":"2019-04-12T01:13:05Z","exchange":"abcc","fee":0,"level":"info","msg":"GatherTrades","orderID":"326315268","pair":"metaeth","price":0.00012477999553084373,"side":"bid","time":"2019-04-19T10:07:15+09:00","volume":0.08491528779268265}
{"amount":1585.2099609375,"createdAt":"2019-04-12T01:13:05Z","exchange":"abcc","fee":0,"level":"info","msg":"GatherTrades","orderID":"326315265","pair":"metaeth","price":0.0001230000052601099,"side":"bid","time":"2019-04-19T10:07:15+09:00","volume":0.19498082995414734}
{"amount":301.94000244140625,"createdAt":"2019-04-12T01:13:04Z","exchange":"abcc","fee":0,"level":"info","msg":"GatherTrades","orderID":"326315262","pair":"metaeth","price":0.00013101000513415784,"side":"bid","time":"2019-04-19T10:07:15+09:00","volume":0.03955715894699097}
{"amount":280,"createdAt":"2019-04-12T01:13:04Z","exchange":"abcc","fee":0,"level":"info","msg":"GatherTrades","orderID":"326315260","pair":"metaeth","price":0.00012078000145265833,"side":"bid","time":"2019-04-19T10:07:15+09:00","volume":0.03381840139627457}
{"amount":409.239990234375,"createdAt":"2019-04-12T01:13:04Z","exchange":"abcc","fee":0,"level":"info","msg":"GatherTrades","orderID":"326315258","pair":"metaeth","price":0.00011452999751782045,"side":"bid","time":"2019-04-19T10:07:15+09:00","volume":0.04687025770545006}
{"amount":5000,"createdAt":"2019-04-12T01:13:04Z","exchange":"abcc","fee":0,"level":"info","msg":"GatherTrades","orderID":"326315253","pair":"metaeth","price":0.00012080000306013972,"side":"bid","time":"2019-04-19T10:07:15+09:00","volume":0.6039999723434448}
{"amount":905.7999877929688,"createdAt":"2019-04-12T01:13:04Z","exchange":"abcc","fee":0,"level":"info","msg":"GatherTrades","orderID":"326315250","pair":"metaeth","price":0.00012080000306013972,"side":"bid","time":"2019-04-19T10:07:15+09:00","volume":0.10942064225673676}
{"amount":2787.85009765625,"createdAt":"2019-04-12T01:13:04Z","exchange":"abcc","fee":0,"level":"info","msg":"GatherTrades","orderID":"326315248","pair":"metaeth","price":0.00011449999874457717,"side":"bid","time":"2019-04-19T10:07:15+09:00","volume":0.3192088305950165}
{"amount":9888.150390625,"createdAt":"2019-04-12T01:13:04Z","exchange":"abcc","fee":0,"level":"info","msg":"GatherTrades","orderID":"326315246","pair":"metaeth","price":0.00010849999671336263,"side":"bid","time":"2019-04-19T10:07:15+09:00","volume":1.072864294052124}
{"amount":4754.830078125,"createdAt":"2019-04-12T01:13:04Z","exchange":"abcc","fee":0,"level":"info","msg":"GatherTrades","orderID":"326315242","pair":"metaeth","price":0.00010840000322787091,"side":"bid","time":"2019-04-19T10:07:15+09:00","volume":0.515423595905304}
{"amount":17700.130859375,"createdAt":"2019-04-08T09:21:03Z","exchange":"abcc","fee":0,"level":"info","msg":"GatherTrades","orderID":"324293101","pair":"metaeth","price":0.00010849999671336263,"side":"bid","time":"2019-04-19T10:07:15+09:00","volume":1.9204641580581665}
{"amount":17700.130859375,"createdAt":"2019-04-08T09:21:03Z","exchange":"abcc","fee":0,"level":"info","msg":"GatherTrades","orderID":"324293100","pair":"metaeth","price":0.00010849999671336263,"side":"ask","time":"2019-04-19T10:07:15+09:00","volume":1.9204641580581665}
{"amount":17272.529296875,"createdAt":"2019-04-08T09:20:54Z","exchange":"abcc","fee":0,"level":"info","msg":"GatherTrades","orderID":"324293043","pair":"metaeth","price":0.00010671999916667119,"side":"bid","time":"2019-04-19T10:07:15+09:00","volume":1.8433244228363037}
{"amount":17272.529296875,"createdAt":"2019-04-08T09:20:54Z","exchange":"abcc","fee":0,"level":"info","msg":"GatherTrades","orderID":"324293042","pair":"metaeth","price":0.00010671999916667119,"side":"ask","time":"2019-04-19T10:07:15+09:00","volume":1.8433244228363037}
{"amount":16369.8798828125,"createdAt":"2019-04-08T09:19:50Z","exchange":"abcc","fee":0,"level":"info","msg":"GatherTrades","orderID":"324292659","pair":"metaeth","price":0.0001029900013236329,"side":"bid","time":"2019-04-19T10:07:15+09:00","volume":1.6859339475631714}
{"amount":16369.8798828125,"createdAt":"2019-04-08T09:19:50Z","exchange":"abcc","fee":0,"level":"info","msg":"GatherTrades","orderID":"324292656","pair":"metaeth","price":0.0001029900013236329,"side":"ask","time":"2019-04-19T10:07:15+09:00","volume":1.6859339475631714}
{"amount":16563.640625,"createdAt":"2019-04-08T09:19:41Z","exchange":"abcc","fee":0,"level":"info","msg":"GatherTrades","orderID":"324292607","pair":"metaeth","price":0.00010348000068916008,"side":"bid","time":"2019-04-19T10:07:15+09:00","volume":1.714005470275879}
{"amount":16563.640625,"createdAt":"2019-04-08T09:19:41Z","exchange":"abcc","fee":0,"level":"info","msg":"GatherTrades","orderID":"324292606","pair":"metaeth","price":0.00010348000068916008,"side":"ask","time":"2019-04-19T10:07:15+09:00","volume":1.714005470275879}
{"amount":16687.859375,"createdAt":"2019-04-08T09:19:16Z","exchange":"abcc","fee":0,"level":"info","msg":"GatherTrades","orderID":"324292447","pair":"metaeth","price":0.00010435000149300322,"side":"bid","time":"2019-04-19T10:07:15+09:00","volume":1.7413781881332397}
{"amount":16687.859375,"createdAt":"2019-04-08T09:19:16Z","exchange":"abcc","fee":0,"level":"info","msg":"GatherTrades","orderID":"324292444","pair":"metaeth","price":0.00010435000149300322,"side":"ask","time":"2019-04-19T10:07:15+09:00","volume":1.7413781881332397}
{"amount":16441.080078125,"createdAt":"2019-04-08T09:18:11Z","exchange":"abcc","fee":0,"level":"info","msg":"GatherTrades","orderID":"324292033","pair":"metaeth","price":0.00010691000352380797,"side":"bid","time":"2019-04-19T10:07:15+09:00","volume":1.7577158212661743}
{"amount":16441.080078125,"createdAt":"2019-04-08T09:18:11Z","exchange":"abcc","fee":0,"level":"info","msg":"GatherTrades","orderID":"324292030","pair":"metaeth","price":0.00010691000352380797,"side":"ask","time":"2019-04-19T10:07:15+09:00","volume":1.7577158212661743}
{"amount":16323.91015625,"createdAt":"2019-04-08T09:17:39Z","exchange":"abcc","fee":0,"level":"info","msg":"GatherTrades","orderID":"324291846","pair":"metaeth","price":0.00010227000166196376,"side":"bid","time":"2019-04-19T10:07:15+09:00","volume":1.6694462299346924}
{"amount":16323.91015625,"createdAt":"2019-04-08T09:17:39Z","exchange":"abcc","fee":0,"level":"info","msg":"GatherTrades","orderID":"324291844","pair":"metaeth","price":0.00010227000166196376,"side":"ask","time":"2019-04-19T10:07:15+09:00","volume":1.6694462299346924}
{"amount":16686.609375,"createdAt":"2019-04-08T09:17:22Z","exchange":"abcc","fee":0,"level":"info","msg":"GatherTrades","orderID":"324291729","pair":"metaeth","price":0.00010830999963218346,"side":"bid","time":"2019-04-19T10:07:15+09:00","volume":1.8073266744613647}
{"amount":16686.609375,"createdAt":"2019-04-08T09:17:22Z","exchange":"abcc","fee":0,"level":"info","msg":"GatherTrades","orderID":"324291728","pair":"metaeth","price":0.00010830999963218346,"side":"ask","time":"2019-04-19T10:07:15+09:00","volume":1.8073266744613647}
{"amount":16590.189453125,"createdAt":"2019-04-08T09:17:05Z","exchange":"abcc","fee":0,"level":"info","msg":"GatherTrades","orderID":"324291635","pair":"metaeth","price":0.00010099999781232327,"side":"bid","time":"2019-04-19T10:07:15+09:00","volume":1.6756092309951782}
{"amount":16590.189453125,"createdAt":"2019-04-08T09:17:05Z","exchange":"abcc","fee":0,"level":"info","msg":"GatherTrades","orderID":"324291634","pair":"metaeth","price":0.00010099999781232327,"side":"ask","time":"2019-04-19T10:07:15+09:00","volume":1.6756092309951782}
{"amount":16365.080078125,"createdAt":"2019-04-08T09:16:33Z","exchange":"abcc","fee":0,"level":"info","msg":"GatherTrades","orderID":"324291431","pair":"metaeth","price":0.00010484999802429229,"side":"bid","time":"2019-04-19T10:07:15+09:00","volume":1.7158786058425903}
{"amount":16365.080078125,"createdAt":"2019-04-08T09:16:33Z","exchange":"abcc","fee":0,"level":"info","msg":"GatherTrades","orderID":"324291430","pair":"metaeth","price":0.00010484999802429229,"side":"ask","time":"2019-04-19T10:07:15+09:00","volume":1.7158786058425903}
{"amount":16916.0390625,"createdAt":"2019-04-08T09:16:16Z","exchange":"abcc","fee":0,"level":"info","msg":"GatherTrades","orderID":"324291325","pair":"metaeth","price":0.00010712999937823042,"side":"bid","time":"2019-04-19T10:07:15+09:00","volume":1.8122153282165527}
{"amount":16916.0390625,"createdAt":"2019-04-08T09:16:15Z","exchange":"abcc","fee":0,"level":"info","msg":"GatherTrades","orderID":"324291324","pair":"metaeth","price":0.00010712999937823042,"side":"ask","time":"2019-04-19T10:07:15+09:00","volume":1.8122153282165527}
{"amount":18042.390625,"createdAt":"2019-04-08T09:15:34Z","exchange":"abcc","fee":0,"level":"info","msg":"GatherTrades","orderID":"324291083","pair":"metaeth","price":0.00010881000343943015,"side":"bid","time":"2019-04-19T10:07:15+09:00","volume":1.9631924629211426}
{"amount":18042.390625,"createdAt":"2019-04-08T09:15:34Z","exchange":"abcc","fee":0,"level":"info","msg":"GatherTrades","orderID":"324291082","pair":"metaeth","price":0.00010881000343943015,"side":"ask","time":"2019-04-19T10:07:15+09:00","volume":1.9631924629211426}
{"amount":18320.580078125,"createdAt":"2019-04-08T09:15:17Z","exchange":"abcc","fee":0,"level":"info","msg":"GatherTrades","orderID":"324290971","pair":"metaeth","price":0.00010866000229725614,"side":"bid","time":"2019-04-19T10:07:15+09:00","volume":1.990714192390442}
{"amount":18320.580078125,"createdAt":"2019-04-08T09:15:17Z","exchange":"abcc","fee":0,"level":"info","msg":"GatherTrades","orderID":"324290970","pair":"metaeth","price":0.00010866000229725614,"side":"ask","time":"2019-04-19T10:07:15+09:00","volume":1.990714192390442}
{"amount":18330.220703125,"createdAt":"2019-04-08T09:14:12Z","exchange":"abcc","fee":0,"level":"info","msg":"GatherTrades","orderID":"324290569","pair":"metaeth","price":0.00010599000233924016,"side":"bid","time":"2019-04-19T10:07:15+09:00","volume":1.9428200721740723}
{"amount":18330.220703125,"createdAt":"2019-04-08T09:14:12Z","exchange":"abcc","fee":0,"level":"info","msg":"GatherTrades","orderID":"324290566","pair":"metaeth","price":0.00010599000233924016,"side":"ask","time":"2019-04-19T10:07:15+09:00","volume":1.9428200721740723}
{"amount":17829.759765625,"createdAt":"2019-04-08T09:13:47Z","exchange":"abcc","fee":0,"level":"info","msg":"GatherTrades","orderID":"324290435","pair":"metaeth","price":0.00010920999920926988,"side":"bid","time":"2019-04-19T10:07:15+09:00","volume":1.947188138961792}
{"amount":17829.759765625,"createdAt":"2019-04-08T09:13:47Z","exchange":"abcc","fee":0,"level":"info","msg":"GatherTrades","orderID":"324290430","pair":"metaeth","price":0.00010920999920926988,"side":"ask","time":"2019-04-19T10:07:15+09:00","volume":1.947188138961792}
{"amount":18588.5,"createdAt":"2019-04-08T09:12:44Z","exchange":"abcc","fee":0,"level":"info","msg":"GatherTrades","orderID":"324290037","pair":"metaeth","price":0.00010255999950459227,"side":"bid","time":"2019-04-19T10:07:15+09:00","volume":1.906436562538147}
{"amount":18588.5,"createdAt":"2019-04-08T09:12:44Z","exchange":"abcc","fee":0,"level":"info","msg":"GatherTrades","orderID":"324290036","pair":"metaeth","price":0.00010255999950459227,"side":"ask","time":"2019-04-19T10:07:15+09:00","volume":1.906436562538147}
{"amount":18045.740234375,"createdAt":"2019-04-08T09:11:41Z","exchange":"abcc","fee":0,"level":"info","msg":"GatherTrades","orderID":"324289665","pair":"metaeth","price":0.00010636999650159851,"side":"bid","time":"2019-04-19T10:07:15+09:00","volume":1.919525384902954}
{"amount":18045.740234375,"createdAt":"2019-04-08T09:11:41Z","exchange":"abcc","fee":0,"level":"info","msg":"GatherTrades","orderID":"324289664","pair":"metaeth","price":0.00010636999650159851,"side":"ask","time":"2019-04-19T10:07:15+09:00","volume":1.919525384902954}
{"amount":16761.7109375,"createdAt":"2019-04-08T09:10:43Z","exchange":"abcc","fee":0,"level":"info","msg":"GatherTrades","orderID":"324289324","pair":"metaeth","price":0.00010386999929323792,"side":"bid","time":"2019-04-19T10:07:15+09:00","volume":1.7410387992858887}
{"amount":16761.7109375,"createdAt":"2019-04-08T09:10:43Z","exchange":"abcc","fee":0,"level":"info","msg":"GatherTrades","orderID":"324289322","pair":"metaeth","price":0.00010386999929323792,"side":"ask","time":"2019-04-19T10:07:15+09:00","volume":1.7410387992858887}
{"amount":17195.2890625,"createdAt":"2019-04-08T09:10:03Z","exchange":"abcc","fee":0,"level":"info","msg":"GatherTrades","orderID":"324289091","pair":"metaeth","price":0.0001073300009011291,"side":"bid","time":"2019-04-19T10:07:15+09:00","volume":1.84557044506073}
{"amount":17195.2890625,"createdAt":"2019-04-08T09:10:03Z","exchange":"abcc","fee":0,"level":"info","msg":"GatherTrades","orderID":"324289090","pair":"metaeth","price":0.0001073300009011291,"side":"ask","time":"2019-04-19T10:07:15+09:00","volume":1.84557044506073}
{"amount":16932.849609375,"createdAt":"2019-04-08T09:09:54Z","exchange":"abcc","fee":0,"level":"info","msg":"GatherTrades","orderID":"324289035","pair":"metaeth","price":0.00010322999878553674,"side":"bid","time":"2019-04-19T10:07:15+09:00","volume":1.7479780912399292}
{"amount":16932.849609375,"createdAt":"2019-04-08T09:09:54Z","exchange":"abcc","fee":0,"level":"info","msg":"GatherTrades","orderID":"324289034","pair":"metaeth","price":0.00010322999878553674,"side":"ask","time":"2019-04-19T10:07:15+09:00","volume":1.7479780912399292}
{"amount":16963.890625,"createdAt":"2019-04-08T09:09:45Z","exchange":"abcc","fee":0,"level":"info","msg":"GatherTrades","orderID":"324288979","pair":"metaeth","price":0.00010207000013906509,"side":"bid","time":"2019-04-19T10:07:15+09:00","volume":1.731504201889038}
{"amount":16963.890625,"createdAt":"2019-04-08T09:09:45Z","exchange":"abcc","fee":0,"level":"info","msg":"GatherTrades","orderID":"324288978","pair":"metaeth","price":0.00010207000013906509,"side":"ask","time":"2019-04-19T10:07:15+09:00","volume":1.731504201889038}
{"amount":16612.759765625,"createdAt":"2019-04-08T09:08:58Z","exchange":"abcc","fee":0,"level":"info","msg":"GatherTrades","orderID":"324288687","pair":"metaeth","price":0.000106229999801144,"side":"bid","time":"2019-04-19T10:07:15+09:00","volume":1.7647734880447388}
{"amount":16612.759765625,"createdAt":"2019-04-08T09:08:58Z","exchange":"abcc","fee":0,"level":"info","msg":"GatherTrades","orderID":"324288686","pair":"metaeth","price":0.000106229999801144,"side":"ask","time":"2019-04-19T10:07:15+09:00","volume":1.7647734880447388}
{"amount":16754.75,"createdAt":"2019-04-08T09:08:42Z","exchange":"abcc","fee":0,"level":"info","msg":"GatherTrades","orderID":"324288597","pair":"metaeth","price":0.00010140000085812062,"side":"bid","time":"2019-04-19T10:07:15+09:00","volume":1.6989316940307617}
{"amount":16754.75,"createdAt":"2019-04-08T09:08:41Z","exchange":"abcc","fee":0,"level":"info","msg":"GatherTrades","orderID":"324288596","pair":"metaeth","price":0.00010140000085812062,"side":"ask","time":"2019-04-19T10:07:15+09:00","volume":1.6989316940307617}
{"amount":16832.76953125,"createdAt":"2019-04-08T09:08:33Z","exchange":"abcc","fee":0,"level":"info","msg":"GatherTrades","orderID":"324288537","pair":"metaeth","price":0.00010859000030905008,"side":"bid","time":"2019-04-19T10:07:15+09:00","volume":1.827870488166809}
{"amount":16832.76953125,"createdAt":"2019-04-08T09:08:33Z","exchange":"abcc","fee":0,"level":"info","msg":"GatherTrades","orderID":"324288536","pair":"metaeth","price":0.00010859000030905008,"side":"ask","time":"2019-04-19T10:07:15+09:00","volume":1.827870488166809}
{"amount":16778.900390625,"createdAt":"2019-04-08T09:07:53Z","exchange":"abcc","fee":0,"level":"info","msg":"GatherTrades","orderID":"324288303","pair":"metaeth","price":0.00010343000030843541,"side":"bid","time":"2019-04-19T10:07:15+09:00","volume":1.7354416847229004}
{"amount":16778.900390625,"createdAt":"2019-04-08T09:07:53Z","exchange":"abcc","fee":0,"level":"info","msg":"GatherTrades","orderID":"324288302","pair":"metaeth","price":0.00010343000030843541,"side":"ask","time":"2019-04-19T10:07:15+09:00","volume":1.7354416847229004}
{"amount":16599.75,"createdAt":"2019-04-08T09:06:55Z","exchange":"abcc","fee":0,"level":"info","msg":"GatherTrades","orderID":"324287913","pair":"metaeth","price":0.00010432999988552183,"side":"bid","time":"2019-04-19T10:07:15+09:00","volume":1.7318519353866577}
{"amount":16599.75,"createdAt":"2019-04-08T09:06:55Z","exchange":"abcc","fee":0,"level":"info","msg":"GatherTrades","orderID":"324287912","pair":"metaeth","price":0.00010432999988552183,"side":"ask","time":"2019-04-19T10:07:15+09:00","volume":1.7318519353866577}
{"amount":17095.009765625,"createdAt":"2019-04-08T09:06:12Z","exchange":"abcc","fee":0,"level":"info","msg":"GatherTrades","orderID":"324287655","pair":"metaeth","price":0.00010581999958958477,"side":"bid","time":"2019-04-19T10:07:15+09:00","volume":1.808993935585022}
{"amount":17095.009765625,"createdAt":"2019-04-08T09:06:12Z","exchange":"abcc","fee":0,"level":"info","msg":"GatherTrades","orderID":"324287654","pair":"metaeth","price":0.00010581999958958477,"side":"ask","time":"2019-04-19T10:07:15+09:00","volume":1.808993935585022}
{"amount":17691.44921875,"createdAt":"2019-04-08T09:05:23Z","exchange":"abcc","fee":0,"level":"info","msg":"GatherTrades","orderID":"324287333","pair":"metaeth","price":0.00010332000238122419,"side":"bid","time":"2019-04-19T10:07:15+09:00","volume":1.827880620956421}
{"amount":17691.44921875,"createdAt":"2019-04-08T09:05:23Z","exchange":"abcc","fee":0,"level":"info","msg":"GatherTrades","orderID":"324287332","pair":"metaeth","price":0.00010332000238122419,"side":"ask","time":"2019-04-19T10:07:15+09:00","volume":1.827880620956421}
{"amount":17409.779296875,"createdAt":"2019-04-08T09:04:34Z","exchange":"abcc","fee":0,"level":"info","msg":"GatherTrades","orderID":"324287035","pair":"metaeth","price":0.00010225000005448237,"side":"bid","time":"2019-04-19T10:07:15+09:00","volume":1.780150055885315}
{"amount":17409.779296875,"createdAt":"2019-04-08T09:04:34Z","exchange":"abcc","fee":0,"level":"info","msg":"GatherTrades","orderID":"324287034","pair":"metaeth","price":0.00010225000005448237,"side":"ask","time":"2019-04-19T10:07:15+09:00","volume":1.780150055885315}
{"amount":17598.900390625,"createdAt":"2019-04-08T09:04:18Z","exchange":"abcc","fee":0,"level":"info","msg":"GatherTrades","orderID":"324286937","pair":"metaeth","price":0.00010864999785553664,"side":"bid","time":"2019-04-19T10:07:15+09:00","volume":1.9121204614639282}
{"amount":17598.900390625,"createdAt":"2019-04-08T09:04:18Z","exchange":"abcc","fee":0,"level":"info","msg":"GatherTrades","orderID":"324286936","pair":"metaeth","price":0.00010864999785553664,"side":"ask","time":"2019-04-19T10:07:15+09:00","volume":1.9121204614639282}
{"amount":18169.25,"createdAt":"2019-04-08T09:03:37Z","exchange":"abcc","fee":0,"level":"info","msg":"GatherTrades","orderID":"324286673","pair":"metaeth","price":0.00010792000102810562,"side":"bid","time":"2019-04-19T10:07:15+09:00","volume":1.9608254432678223}
{"amount":18169.25,"createdAt":"2019-04-08T09:03:37Z","exchange":"abcc","fee":0,"level":"info","msg":"GatherTrades","orderID":"324286672","pair":"metaeth","price":0.00010792000102810562,"side":"ask","time":"2019-04-19T10:07:15+09:00","volume":1.9608254432678223}
{"amount":17233.2109375,"createdAt":"2019-04-08T09:03:28Z","exchange":"abcc","fee":0,"level":"info","msg":"GatherTrades","orderID":"324286609","pair":"metaeth","price":0.00010692000068956986,"side":"bid","time":"2019-04-19T10:07:15+09:00","volume":1.8425748348236084}
{"amount":17233.2109375,"createdAt":"2019-04-08T09:03:28Z","exchange":"abcc","fee":0,"level":"info","msg":"GatherTrades","orderID":"324286608","pair":"metaeth","price":0.00010692000068956986,"side":"ask","time":"2019-04-19T10:07:15+09:00","volume":1.8425748348236084}
{"amount":17495.349609375,"createdAt":"2019-04-08T09:02:55Z","exchange":"abcc","fee":0,"level":"info","msg":"GatherTrades","orderID":"324286395","pair":"metaeth","price":0.00010381000174675137,"side":"bid","time":"2019-04-19T10:07:15+09:00","volume":1.8161922693252563}
{"amount":17495.349609375,"createdAt":"2019-04-08T09:02:54Z","exchange":"abcc","fee":0,"level":"info","msg":"GatherTrades","orderID":"324286394","pair":"metaeth","price":0.00010381000174675137,"side":"ask","time":"2019-04-19T10:07:15+09:00","volume":1.8161922693252563}
{"amount":17746.6796875,"createdAt":"2019-04-08T09:01:50Z","exchange":"abcc","fee":0,"level":"info","msg":"GatherTrades","orderID":"324285991","pair":"metaeth","price":0.00010494999878574163,"side":"bid","time":"2019-04-19T10:07:15+09:00","volume":1.8625140190124512}
{"amount":17746.6796875,"createdAt":"2019-04-08T09:01:49Z","exchange":"abcc","fee":0,"level":"info","msg":"GatherTrades","orderID":"324285990","pair":"metaeth","price":0.00010494999878574163,"side":"ask","time":"2019-04-19T10:07:15+09:00","volume":1.8625140190124512}
{"amount":18194.349609375,"createdAt":"2019-04-08T09:01:02Z","exchange":"abcc","fee":0,"level":"info","msg":"GatherTrades","orderID":"324285711","pair":"metaeth","price":0.00010402999760117382,"side":"bid","time":"2019-04-19T10:07:15+09:00","volume":1.8927582502365112}
{"amount":18194.349609375,"createdAt":"2019-04-08T09:01:02Z","exchange":"abcc","fee":0,"level":"info","msg":"GatherTrades","orderID":"324285710","pair":"metaeth","price":0.00010402999760117382,"side":"ask","time":"2019-04-19T10:07:15+09:00","volume":1.8927582502365112}
{"amount":18029.650390625,"createdAt":"2019-04-08T09:00:23Z","exchange":"abcc","fee":0,"level":"info","msg":"GatherTrades","orderID":"324285459","pair":"metaeth","price":0.00010666000162018463,"side":"bid","time":"2019-04-19T10:07:15+09:00","volume":1.9230424165725708}
{"amount":18029.650390625,"createdAt":"2019-04-08T09:00:23Z","exchange":"abcc","fee":0,"level":"info","msg":"GatherTrades","orderID":"324285458","pair":"metaeth","price":0.00010666000162018463,"side":"ask","time":"2019-04-19T10:07:15+09:00","volume":1.9230424165725708}
{"amount":18089.66015625,"createdAt":"2019-04-08T08:59:57Z","exchange":"abcc","fee":0,"level":"info","msg":"GatherTrades","orderID":"324285309","pair":"metaeth","price":0.00010197999654337764,"side":"bid","time":"2019-04-19T10:07:15+09:00","volume":1.8447835445404053}
{"amount":18089.66015625,"createdAt":"2019-04-08T08:59:57Z","exchange":"abcc","fee":0,"level":"info","msg":"GatherTrades","orderID":"324285308","pair":"metaeth","price":0.00010197999654337764,"side":"ask","time":"2019-04-19T10:07:15+09:00","volume":1.8447835445404053}
{"amount":18898.400390625,"createdAt":"2019-04-08T08:59:01Z","exchange":"abcc","fee":0,"level":"info","msg":"GatherTrades","orderID":"324284967","pair":"metaeth","price":0.00010990000009769574,"side":"bid","time":"2019-04-19T10:07:15+09:00","volume":2.0769340991973877}
{"amount":4228.32958984375,"createdAt":"2019-04-12T16:41:52+09:00","exchange":"upbit","fee":0.00004999999873689376,"level":"info","msg":"GatherTrades","orderID":"d5f0d96b-ad00-4fc8-905c-6ad11e150b88","pair":"BTC-META","price":0.00000473000000056345,"side":"bid","time":"2019-04-19T10:07:15+09:00","volume":0.01999999896234339}
{"amount":4166.66650390625,"createdAt":"2019-04-12T16:49:26+09:00","exchange":"upbit","fee":0.00004999999873689376,"level":"info","msg":"GatherTrades","orderID":"b22b2657-a407-454f-8a51-d37b2b53046d","pair":"BTC-META","price":0.000004800000169780105,"side":"bid","time":"2019-04-19T10:07:15+09:00","volume":0.019999999926167078}
{"amount":4098.36083984375,"createdAt":"2019-04-12T16:49:48+09:00","exchange":"upbit","fee":0.00004918032936984673,"level":"info","msg":"GatherTrades","orderID":"20311294-afac-4647-8e41-4e6ef23a7a62","pair":"BTC-META","price":0.000004879999778495403,"side":"bid","time":"2019-04-19T10:07:15+09:00","volume":0.019999999990631734}
{"amount":4065.040771484375,"createdAt":"2019-04-12T16:49:53+09:00","exchange":"upbit","fee":0.000048780486395116895,"level":"info","msg":"GatherTrades","orderID":"a6f6a213-1aa7-4542-909d-d50c2102cbae","pair":"BTC-META","price":0.000004919999810226727,"side":"bid","time":"2019-04-19T10:07:15+09:00","volume":0.019999999824267034}
{"amount":4000,"createdAt":"2019-04-12T16:49:59+09:00","exchange":"upbit","fee":0.000048099998821271583,"level":"info","msg":"GatherTrades","orderID":"1553614d-2917-4627-9eb4-aaf702fbf2b7","pair":"BTC-META","price":0.000004999999873689376,"side":"bid","time":"2019-04-19T10:07:15+09:00","volume":0.019999999494757503}
{"amount":3937.0078125,"createdAt":"2019-04-12T16:50:04+09:00","exchange":"upbit","fee":0.000047440946218557656,"level":"info","msg":"GatherTrades","orderID":"79a0bc7e-96fb-4738-9d88-f96752d16f9f","pair":"BTC-META","price":0.000005079999937152024,"side":"bid","time":"2019-04-19T10:07:15+09:00","volume":0.01999999944006703}
{"amount":3906.25,"createdAt":"2019-04-12T16:50:10+09:00","exchange":"upbit","fee":0.00004707031257566996,"level":"info","msg":"GatherTrades","orderID":"b67f5e09-0acb-4ab8-9065-416c21cdd65b","pair":"BTC-META","price":0.000005119999968883349,"side":"bid","time":"2019-04-19T10:07:15+09:00","volume":0.01999999987845058}
{"amount":3846.15380859375,"createdAt":"2019-04-12T16:50:15+09:00","exchange":"upbit","fee":0.00004634615470422432,"level":"info","msg":"GatherTrades","orderID":"95f21826-a6a4-4406-afe5-a80648cdf0fa","pair":"BTC-META","price":0.000005200000032345997,"side":"bid","time":"2019-04-19T10:07:15+09:00","volume":0.01999999992909518}
{"amount":3787.87890625,"createdAt":"2019-04-12T16:50:21+09:00","exchange":"upbit","fee":0.000045643941120943055,"level":"info","msg":"GatherTrades","orderID":"7d35c7dc-2bf8-4810-8700-26f542ecf529","pair":"BTC-META","price":0.000005280000095808646,"side":"bid","time":"2019-04-19T10:07:15+09:00","volume":0.020000000987911548}
{"amount":3752.34521484375,"createdAt":"2019-04-12T16:50:27+09:00","exchange":"upbit","fee":0.000045215758291305974,"level":"info","msg":"GatherTrades","orderID":"ae689edf-1281-4cab-a1a5-7a32651a1700","pair":"BTC-META","price":0.000005330000021785963,"side":"bid","time":"2019-04-19T10:07:15+09:00","volume":0.020000000076865643}
{"amount":3696.857666015625,"createdAt":"2019-04-12T16:50:28+09:00","exchange":"upbit","fee":0.00004454713416635059,"level":"info","msg":"GatherTrades","orderID":"e72a43f8-876f-43b3-9d44-4392f9994e6c","pair":"BTC-META","price":0.000005410000085248612,"side":"bid","time":"2019-04-19T10:07:15+09:00","volume":0.020000000288296516}
{"amount":3642.9873046875,"createdAt":"2019-04-12T16:50:33+09:00","exchange":"upbit","fee":0.000043897995055885985,"level":"info","msg":"GatherTrades","orderID":"3f84f75a-ca49-4342-a0a8-569d971e2bab","pair":"BTC-META","price":0.00000549000014871126,"side":"bid","time":"2019-04-19T10:07:15+09:00","volume":0.02000000084448761}
{"amount":3603.603515625,"createdAt":"2019-04-12T16:50:34+09:00","exchange":"upbit","fee":0.00004342342435847968,"level":"info","msg":"GatherTrades","orderID":"6f1fc8b8-8c13-4fae-a416-6c8a0bdaf128","pair":"BTC-META","price":0.000005549999968934571,"side":"bid","time":"2019-04-19T10:07:15+09:00","volume":0.019999999399771262}
{"amount":3552.39794921875,"createdAt":"2019-04-12T16:50:40+09:00","exchange":"upbit","fee":0.00004280639404896647,"level":"info","msg":"GatherTrades","orderID":"4ec7b7c8-b6e7-4c84-b4d2-af27224bf1f1","pair":"BTC-META","price":0.00000563000003239722,"side":"bid","time":"2019-04-19T10:07:15+09:00","volume":0.02000000056918938}
{"amount":3502.626953125,"createdAt":"2019-04-12T16:50:45+09:00","exchange":"upbit","fee":0.00004220665505272336,"level":"info","msg":"GatherTrades","orderID":"d3c83566-cc10-43ac-952c-6912b10cf3e9","pair":"BTC-META","price":0.0000057100000958598685,"side":"bid","time":"2019-04-19T10:07:15+09:00","volume":0.02000000023810511}
{"amount":3466.20458984375,"createdAt":"2019-04-12T16:50:51+09:00","exchange":"upbit","fee":0.00004176776565145701,"level":"info","msg":"GatherTrades","orderID":"77708810-ccaf-4e07-b8d3-d215ebb2c42f","pair":"BTC-META","price":0.000005769999916083179,"side":"bid","time":"2019-04-19T10:07:15+09:00","volume":0.02000000019252557}
{"amount":3412.96923828125,"createdAt":"2019-04-12T16:50:52+09:00","exchange":"upbit","fee":0.00004112628084840253,"level":"info","msg":"GatherTrades","orderID":"c5152820-b1af-4db7-9851-1e3fe1a2890f","pair":"BTC-META","price":0.000005859999873791821,"side":"bid","time":"2019-04-19T10:07:15+09:00","volume":0.019999999305583493}
{"amount":3361.344482421875,"createdAt":"2019-04-12T16:50:57+09:00","exchange":"upbit","fee":0.000040504201024305075,"level":"info","msg":"GatherTrades","orderID":"e73813c8-f125-4f20-9674-06ac5bde4d6b","pair":"BTC-META","price":0.000005949999831500463,"side":"bid","time":"2019-04-19T10:07:15+09:00","volume":0.019999999104025168}
{"amount":3322.259033203125,"createdAt":"2019-04-12T16:51:03+09:00","exchange":"upbit","fee":0.00004003322101198137,"level":"info","msg":"GatherTrades","orderID":"7964e2d7-8490-40b2-bb4f-4a6dc3b5012e","pair":"BTC-META","price":0.000006020000000717118,"side":"bid","time":"2019-04-19T10:07:15+09:00","volume":0.019999999382265266}
{"amount":3316.74951171875,"createdAt":"2019-04-12T16:51:09+09:00","exchange":"upbit","fee":0.00003996683153673075,"level":"info","msg":"GatherTrades","orderID":"d3cdd1a1-6c8d-4a16-9ccc-c8b4a9fa9a23","pair":"BTC-META","price":0.000006029999894963112,"side":"bid","time":"2019-04-19T10:07:15+09:00","volume":0.019999999207283015}
{"amount":1731.6016845703125,"createdAt":"2019-04-12T17:28:13+09:00","exchange":"upbit","fee":0.000019999999494757503,"level":"info","msg":"GatherTrades","orderID":"f4db9250-66c2-4a2d-bec2-f46ed7313a68","pair":"BTC-META","price":0.000004619999799615471,"side":"bid","time":"2019-04-19T10:07:15+09:00","volume":0.007999999435728655}
{"amount":4301.0751953125,"createdAt":"2019-04-12T17:28:35+09:00","exchange":"upbit","fee":0.00004999999873689376,"level":"info","msg":"GatherTrades","orderID":"7dda2ab6-beae-4749-8eaa-716fc43aac4d","pair":"BTC-META","price":0.000004649999937100802,"side":"bid","time":"2019-04-19T10:07:15+09:00","volume":0.019999999387668943}
{"amount":15250.544921875,"createdAt":"2019-04-12T18:09:09+09:00","exchange":"upbit","fee":0.00017499999376013875,"level":"info","msg":"GatherTrades","orderID":"9312cd5b-e76a-41df-9a4b-5348f8d31934","pair":"BTC-META","price":0.000004590000116877491,"side":"bid","time":"2019-04-19T10:07:15+09:00","volume":0.07000000297385167}
{"amount":15283.8427734375,"createdAt":"2019-04-12T19:05:42+09:00","exchange":"upbit","fee":0.00017499999376013875,"level":"info","msg":"GatherTrades","orderID":"128476f7-17df-48a9-91f1-3162b163b9ab","pair":"BTC-META","price":0.000004580000222631497,"side":"bid","time":"2019-04-19T10:07:15+09:00","volume":0.07000000330500855}
{"amount":15283.8427734375,"createdAt":"2019-04-12T19:05:42+09:00","exchange":"upbit","fee":0.0001803493214538321,"level":"info","msg":"GatherTrades","orderID":"17029628-3ecb-4c33-ad73-80808c3cc31f","pair":"BTC-META","price":0.000004720000106317457,"side":"ask","time":"2019-04-19T10:07:15+09:00","volume":0.0721397395155643}
{"amount":33259.421875,"createdAt":"2019-04-12T19:06:02+09:00","exchange":"upbit","fee":0.0003991130506619811,"level":"info","msg":"GatherTrades","orderID":"ea270e9d-06ae-4db1-8383-271ab4aa4bd3","pair":"BTC-META","price":0.000004800000169780105,"side":"ask","time":"2019-04-19T10:07:15+09:00","volume":0.15964523064678815}
{"amount":32258.064453125,"createdAt":"2019-04-12T19:28:04+09:00","exchange":"upbit","fee":0.000375000003259629,"level":"info","msg":"GatherTrades","orderID":"40ed8402-8457-439a-a748-9651b328ee24","pair":"BTC-META","price":0.000004649999937100802,"side":"bid","time":"2019-04-19T10:07:15+09:00","volume":0.14999999767802485}
{"amount":15486.7255859375,"createdAt":"2019-04-12T20:50:17+09:00","exchange":"upbit","fee":0.00018003315199166536,"level":"info","msg":"GatherTrades","orderID":"d75b122e-54b2-4741-8596-f2a3d90ed5f5","pair":"BTC-META","price":0.000004649999937100802,"side":"ask","time":"2019-04-19T10:07:15+09:00","volume":0.07201327300050675}
{"amount":21739.130859375,"createdAt":"2019-04-12T22:43:21+09:00","exchange":"upbit","fee":0.0002581521403044462,"level":"info","msg":"GatherTrades","orderID":"1efe69ee-345f-4651-8003-59f597bdeefe","pair":"BTC-META","price":0.000004749999789055437,"side":"ask","time":"2019-04-19T10:07:15+09:00","volume":0.10326086699627979}
{"amount":21459.2265625,"createdAt":"2019-04-12T22:57:11+09:00","exchange":"upbit","fee":0.00025804719189181924,"level":"info","msg":"GatherTrades","orderID":"76364fba-62c5-4c44-9211-a8a5461c6066","pair":"BTC-META","price":0.000004810000064026099,"side":"ask","time":"2019-04-19T10:07:15+09:00","volume":0.10321888113957556}
{"amount":43668.12109375,"createdAt":"2019-04-12T22:59:51+09:00","exchange":"upbit","fee":0.0005000000237487257,"level":"info","msg":"GatherTrades","orderID":"4c6d061d-0dea-4be8-bfe9-e1229f576ea4","pair":"BTC-META","price":0.000004580000222631497,"side":"bid","time":"2019-04-19T10:07:15+09:00","volume":0.20000000433127418}
{"amount":86580.0859375,"createdAt":"2019-04-12T22:59:54+09:00","exchange":"upbit","fee":0.0010000000474974513,"level":"info","msg":"GatherTrades","orderID":"54ac8065-02ef-475e-af47-2cd90ab2fc24","pair":"BTC-META","price":0.000004619999799615471,"side":"bid","time":"2019-04-19T10:07:15+09:00","volume":0.39999997968194023}
{"amount":21141.6484375,"createdAt":"2019-04-12T23:56:02+09:00","exchange":"upbit","fee":0.0002500000118743628,"level":"info","msg":"GatherTrades","orderID":"95b89c46-3471-48c4-a1b1-d39a904e9efb","pair":"BTC-META","price":0.00000473000000056345,"side":"bid","time":"2019-04-19T10:07:15+09:00","volume":0.09999999712128727}
{"amount":21459.2265625,"createdAt":"2019-04-13T00:14:12+09:00","exchange":"upbit","fee":0.0002580471627879888,"level":"info","msg":"GatherTrades","orderID":"c10be831-664d-4335-aab2-351cf8e48f67","pair":"BTC-META","price":0.000004810000064026099,"side":"ask","time":"2019-04-19T10:07:15+09:00","volume":0.10321888113957556}
{"amount":21141.6484375,"createdAt":"2019-04-13T03:41:13+09:00","exchange":"upbit","fee":0.000257399573456496,"level":"info","msg":"GatherTrades","orderID":"c436e6b1-f868-45a6-af26-7e729ad4d3f4","pair":"BTC-META","price":0.00000486999988424941,"side":"ask","time":"2019-04-19T10:07:15+09:00","volume":0.10295982544346671}
{"amount":20833.333984375,"createdAt":"2019-04-13T07:38:05+09:00","exchange":"upbit","fee":0.0002500000118743628,"level":"info","msg":"GatherTrades","orderID":"9f8ff190-92ed-4a28-9649-cb92981a3e8e","pair":"BTC-META","price":0.000004800000169780105,"side":"bid","time":"2019-04-19T10:07:15+09:00","volume":0.10000000666208564}
{"amount":21141.6484375,"createdAt":"2019-04-13T08:03:04+09:00","exchange":"upbit","fee":0.0002500000118743628,"level":"info","msg":"GatherTrades","orderID":"59dd7b76-1099-4d1e-92ec-9da22e9d98a4","pair":"BTC-META","price":0.00000473000000056345,"side":"bid","time":"2019-04-19T10:07:15+09:00","volume":0.09999999712128727}
{"amount":21141.6484375,"createdAt":"2019-04-13T08:03:04+09:00","exchange":"upbit","fee":0.000257399573456496,"level":"info","msg":"GatherTrades","orderID":"396286a2-5b4b-4d8a-b5f4-e70294ecfd01","pair":"BTC-META","price":0.00000486999988424941,"side":"ask","time":"2019-04-19T10:07:15+09:00","volume":0.10295982544346671}
{"amount":21459.2265625,"createdAt":"2019-04-13T09:06:15+09:00","exchange":"upbit","fee":0.0002500000118743628,"level":"info","msg":"GatherTrades","orderID":"23a3535f-00bd-4c41-9331-f2400217b4f8","pair":"BTC-META","price":0.000004659999831346795,"side":"bid","time":"2019-04-19T10:07:15+09:00","volume":0.09999999216208266}
{"amount":21739.130859375,"createdAt":"2019-04-13T09:10:43+09:00","exchange":"upbit","fee":0.0002500000118743628,"level":"info","msg":"GatherTrades","orderID":"08472bc7-d502-4a89-9297-df8e4cc84715","pair":"BTC-META","price":0.000004600000011123484,"side":"bid","time":"2019-04-19T10:07:15+09:00","volume":0.10000000219493987}
{"amount":21739.130859375,"createdAt":"2019-04-13T09:10:43+09:00","exchange":"upbit","fee":0.00025760853895917535,"level":"info","msg":"GatherTrades","orderID":"d691eff6-3f85-4ce0-87e4-4ec949c33abc","pair":"BTC-META","price":0.0000047399998948094435,"side":"ask","time":"2019-04-19T10:07:15+09:00","volume":0.10304347798668623}
{"amount":44843.05078125,"createdAt":"2019-04-13T09:17:01+09:00","exchange":"upbit","fee":0.0005313900765031576,"level":"info","msg":"GatherTrades","orderID":"f786b282-cabd-40ac-b1ef-c93203f782c0","pair":"BTC-META","price":0.0000047399998948094435,"side":"ask","time":"2019-04-19T10:07:15+09:00","volume":0.21255605598605953}
{"amount":21929.82421875,"createdAt":"2019-04-13T09:17:02+09:00","exchange":"upbit","fee":0.0002500000118743628,"level":"info","msg":"GatherTrades","orderID":"74254628-a8e2-4540-8506-9ff93ffb0752","pair":"BTC-META","price":0.00000455999997939216,"side":"bid","time":"2019-04-19T10:07:15+09:00","volume":0.09999999798557369}
{"amount":21929.82421875,"createdAt":"2019-04-13T09:17:02+09:00","exchange":"upbit","fee":0.000256030703894794,"level":"info","msg":"GatherTrades","orderID":"5c7aa2b7-79fb-4ff5-a717-5a1ffb581cf0","pair":"BTC-META","price":0.000004670000180340139,"side":"ask","time":"2019-04-19T10:07:15+09:00","volume":0.10241228305639005}
{"amount":22075.0546875,"createdAt":"2019-04-13T09:17:38+09:00","exchange":"upbit","fee":0.0002544150047469884,"level":"info","msg":"GatherTrades","orderID":"cecd38c6-f0ce-4d45-b813-3cdd1f8904f7","pair":"BTC-META","price":0.000004609999905369477,"side":"ask","time":"2019-04-19T10:07:15+09:00","volume":0.10176600002040104}
{"amount":2136.752197265625,"createdAt":"2019-04-13T14:50:05+09:00","exchange":"upbit","fee":0.00002532049984438345,"level":"info","msg":"GatherTrades","orderID":"2d4e0a32-2ee4-4577-b6c6-aecda647d7e5","pair":"BTC-META","price":0.0000047399998948094435,"side":"ask","time":"2019-04-19T10:07:15+09:00","volume":0.01012820519027291}
{"amount":2123.142333984375,"createdAt":"2019-04-13T14:53:54+09:00","exchange":"upbit","fee":0.00002521230089769233,"level":"info","msg":"GatherTrades","orderID":"a02582db-4682-44a5-8122-fa4187d8c18c","pair":"BTC-META","price":0.000004749999789055437,"side":"ask","time":"2019-04-19T10:07:15+09:00","volume":0.010084925638560449}
{"amount":2114.164794921875,"createdAt":"2019-04-13T14:54:15+09:00","exchange":"upbit","fee":0.00002499999936844688,"level":"info","msg":"GatherTrades","orderID":"5cf4c4be-a64a-44a2-a05f-06f04ca5c1a6","pair":"BTC-META","price":0.00000473000000056345,"side":"bid","time":"2019-04-19T10:07:15+09:00","volume":0.009999999481171695}
{"amount":2145.9228515625,"createdAt":"2019-04-13T15:27:08+09:00","exchange":"upbit","fee":0.00002499999936844688,"level":"info","msg":"GatherTrades","orderID":"3af0c0e7-5b54-4ac6-a65e-b6b119c937df","pair":"BTC-META","price":0.000004659999831346795,"side":"bid","time":"2019-04-19T10:07:15+09:00","volume":0.010000000126364483}
{"amount":32537.9609375,"createdAt":"2019-04-13T15:27:28+09:00","exchange":"upbit","fee":0.0003872017259709537,"level":"info","msg":"GatherTrades","orderID":"c6257076-dc49-4da4-a4e7-ba88e21315ca","pair":"BTC-META","price":0.000004760000138048781,"side":"ask","time":"2019-04-19T10:07:15+09:00","volume":0.15488069855432585}
{"amount":2155.17236328125,"createdAt":"2019-04-13T15:27:45+09:00","exchange":"upbit","fee":0.00002499999936844688,"level":"info","msg":"GatherTrades","orderID":"e12f37ef-92d8-4133-ba4e-a2a417624fac","pair":"BTC-META","price":0.000004640000042854808,"side":"bid","time":"2019-04-19T10:07:15+09:00","volume":0.009999999857984498}
{"amount":2159.8271484375,"createdAt":"2019-04-13T15:28:21+09:00","exchange":"upbit","fee":0.00002499999936844688,"level":"info","msg":"GatherTrades","orderID":"b91cc001-d0c2-414e-964e-950ecf455b41","pair":"BTC-META","price":0.000004630000148608815,"side":"bid","time":"2019-04-19T10:07:15+09:00","volume":0.010000000018234978}
{"amount":2164.502197265625,"createdAt":"2019-04-13T15:28:42+09:00","exchange":"upbit","fee":0.00002499999936844688,"level":"info","msg":"GatherTrades","orderID":"e409590a-9904-431a-91c1-e81055a0b18a","pair":"BTC-META","price":0.000004619999799615471,"side":"bid","time":"2019-04-19T10:07:15+09:00","volume":0.009999999717634434}
{"amount":2178.649169921875,"createdAt":"2019-04-13T15:28:52+09:00","exchange":"upbit","fee":0.00002532677535782568,"level":"info","msg":"GatherTrades","orderID":"1bfdac84-5677-4d8f-b4cf-8c589fdaf84b","pair":"BTC-META","price":0.000004649999937100802,"side":"ask","time":"2019-04-19T10:07:15+09:00","volume":0.010130718503101432}
{"amount":2169.197509765625,"createdAt":"2019-04-13T16:09:47+09:00","exchange":"upbit","fee":0.0000252711251960136,"level":"info","msg":"GatherTrades","orderID":"5d5eeb4d-6fcb-459e-9cdb-c4c81185267e","pair":"BTC-META","price":0.000004659999831346795,"side":"ask","time":"2019-04-19T10:07:15+09:00","volume":0.0101084600296657}
{"amount":2155.17236328125,"createdAt":"2019-04-13T16:10:03+09:00","exchange":"upbit","fee":0.000025215500500053167,"level":"info","msg":"GatherTrades","orderID":"8e8ad41e-960a-420e-b41c-d79a43ce0999","pair":"BTC-META","price":0.0000046800000745861325,"side":"ask","time":"2019-04-19T10:07:15+09:00","volume":0.010086206820902222}
{"amount":2150.53759765625,"createdAt":"2019-04-13T16:31:53+09:00","exchange":"upbit","fee":0.00002499999936844688,"level":"info","msg":"GatherTrades","orderID":"d86cab02-7c1e-4adf-b936-543befc20074","pair":"BTC-META","price":0.000004649999937100802,"side":"bid","time":"2019-04-19T10:07:15+09:00","volume":0.009999999693834472}
{"amount":2155.17236328125,"createdAt":"2019-04-13T17:34:37+09:00","exchange":"upbit","fee":0.00002499999936844688,"level":"info","msg":"GatherTrades","orderID":"0f1d9a0f-0702-47f3-8dfd-583462539af2","pair":"BTC-META","price":0.000004640000042854808,"side":"bid","time":"2019-04-19T10:07:15+09:00","volume":0.009999999857984498}
{"amount":2164.502197265625,"createdAt":"2019-04-13T17:39:22+09:00","exchange":"upbit","fee":0.000025216450012521818,"level":"info","msg":"GatherTrades","orderID":"d4b39d6d-d3fd-4b8c-aad0-130889b851a2","pair":"BTC-META","price":0.000004659999831346795,"side":"ask","time":"2019-04-19T10:07:15+09:00","volume":0.01008657987420758}
{"amount":2155.17236328125,"createdAt":"2019-04-13T17:45:24+09:00","exchange":"upbit","fee":0.000025215500500053167,"level":"info","msg":"GatherTrades","orderID":"a743f36b-7e46-4595-9085-ad0a078f881a","pair":"BTC-META","price":0.0000046800000745861325,"side":"ask","time":"2019-04-19T10:07:15+09:00","volume":0.010086206820902222}
{"amount":2150.53759765625,"createdAt":"2019-04-13T17:46:00+09:00","exchange":"upbit","fee":0.000025322575311292894,"level":"info","msg":"GatherTrades","orderID":"338e3b2f-1fb6-4ca7-9865-efabaa7734a5","pair":"BTC-META","price":0.0000047100002120714635,"side":"ask","time":"2019-04-19T10:07:15+09:00","volume":0.010129032541028593}
{"amount":2136.752197265625,"createdAt":"2019-04-13T17:46:11+09:00","exchange":"upbit","fee":0.000025213674234692007,"level":"info","msg":"GatherTrades","orderID":"275d8ac7-9e7a-459a-8606-b5fed2b8d49c","pair":"BTC-META","price":0.000004720000106317457,"side":"ask","time":"2019-04-19T10:07:15+09:00","volume":0.01008547059826781}
{"amount":2127.65966796875,"createdAt":"2019-04-13T17:55:12+09:00","exchange":"upbit","fee":0.000025212750188075006,"level":"info","msg":"GatherTrades","orderID":"227d131b-41b5-4f8c-904e-2676ee9b1fd8","pair":"BTC-META","price":0.0000047399998948094435,"side":"ask","time":"2019-04-19T10:07:15+09:00","volume":0.01008510660236217}
{"amount":2123.142333984375,"createdAt":"2019-04-13T18:03:06+09:00","exchange":"upbit","fee":0.000025318449843325652,"level":"info","msg":"GatherTrades","orderID":"f3ebbf10-3603-46e1-8dd5-7429de66f37b","pair":"BTC-META","price":0.0000047700000322947744,"side":"ask","time":"2019-04-19T10:07:15+09:00","volume":0.010127389001671872}
{"amount":2109.70458984375,"createdAt":"2019-04-13T18:07:31+09:00","exchange":"upbit","fee":0.000025210949388565496,"level":"info","msg":"GatherTrades","orderID":"a364776b-e6d4-4203-99a6-3f502d5daa07","pair":"BTC-META","price":0.000004779999926540768,"side":"ask","time":"2019-04-19T10:07:15+09:00","volume":0.010084387784475846}
{"amount":2100.84033203125,"createdAt":"2019-04-13T18:07:42+09:00","exchange":"upbit","fee":0.00002521007445466239,"level":"info","msg":"GatherTrades","orderID":"54804529-5d95-4295-bb48-46897e4c24cb","pair":"BTC-META","price":0.000004800000169780105,"side":"ask","time":"2019-04-19T10:07:15+09:00","volume":0.010084033950430893}
{"amount":2096.43603515625,"createdAt":"2019-04-13T18:22:28+09:00","exchange":"upbit","fee":0.00002499999936844688,"level":"info","msg":"GatherTrades","orderID":"9b6d8974-0843-43bf-bdfc-676239ffe2fe","pair":"BTC-META","price":0.0000047700000322947744,"side":"bid","time":"2019-04-19T10:07:15+09:00","volume":0.009999999955399241}
{"amount":2100.84033203125,"createdAt":"2019-04-13T18:36:54+09:00","exchange":"upbit","fee":0.00002499999936844688,"level":"info","msg":"GatherTrades","orderID":"f9b94a9e-fb97-4845-b6f3-914b80f703db","pair":"BTC-META","price":0.000004760000138048781,"side":"bid","time":"2019-04-19T10:07:15+09:00","volume":0.010000000270487197}
{"amount":2114.164794921875,"createdAt":"2019-04-13T18:37:40+09:00","exchange":"upbit","fee":0.00002499999936844688,"level":"info","msg":"GatherTrades","orderID":"df9ed310-c941-420e-bb06-81f811e01e9f","pair":"BTC-META","price":0.00000473000000056345,"side":"bid","time":"2019-04-19T10:07:15+09:00","volume":0.009999999481171695}
{"amount":2123.142333984375,"createdAt":"2019-04-13T18:40:54+09:00","exchange":"upbit","fee":0.000025318449843325652,"level":"info","msg":"GatherTrades","orderID":"3458e6c8-1611-4949-b76a-d761ff746948","pair":"BTC-META","price":0.0000047700000322947744,"side":"ask","time":"2019-04-19T10:07:15+09:00","volume":0.010127389001671872}
{"amount":2109.70458984375,"createdAt":"2019-04-13T19:11:06+09:00","exchange":"upbit","fee":0.00002499999936844688,"level":"info","msg":"GatherTrades","orderID":"dd9a353e-10c7-405e-ac04-e680bbcc71b6","pair":"BTC-META","price":0.0000047399998948094435,"side":"bid","time":"2019-04-19T10:07:15+09:00","volume":0.009999999533938375}
{"amount":2123.142333984375,"createdAt":"2019-04-13T19:46:10+09:00","exchange":"upbit","fee":0.000025318449843325652,"level":"info","msg":"GatherTrades","orderID":"2934edb7-d2ae-437b-8844-48c83e224007","pair":"BTC-META","price":0.0000047700000322947744,"side":"ask","time":"2019-04-19T10:07:15+09:00","volume":0.010127389001671872}
{"amount":2109.70458984375,"createdAt":"2019-04-13T20:04:10+09:00","exchange":"upbit","fee":0.000025210949388565496,"level":"info","msg":"GatherTrades","orderID":"3c45732a-811d-49b5-bcfa-d9758b98bbb5","pair":"BTC-META","price":0.000004779999926540768,"side":"ask","time":"2019-04-19T10:07:15+09:00","volume":0.010084387784475846}
{"amount":2100.84033203125,"createdAt":"2019-04-13T20:04:26+09:00","exchange":"upbit","fee":0.00002499999936844688,"level":"info","msg":"GatherTrades","orderID":"a271c3a0-bc6f-4a2b-a0cb-f4b58b4e116b","pair":"BTC-META","price":0.000004760000138048781,"side":"bid","time":"2019-04-19T10:07:15+09:00","volume":0.010000000270487197}
{"amount":2109.70458984375,"createdAt":"2019-04-13T20:25:40+09:00","exchange":"upbit","fee":0.00002499999936844688,"level":"info","msg":"GatherTrades","orderID":"7e1ffb6a-8875-4276-b7fb-d9b2f27d73f8","pair":"BTC-META","price":0.0000047399998948094435,"side":"bid","time":"2019-04-19T10:07:15+09:00","volume":0.009999999533938375}
{"amount":2123.142333984375,"createdAt":"2019-04-13T20:34:46+09:00","exchange":"upbit","fee":0.00002499999936844688,"level":"info","msg":"GatherTrades","orderID":"677e6c08-8287-400f-a3b8-dbd211e5a2e2","pair":"BTC-META","price":0.0000047100002120714635,"side":"bid","time":"2019-04-19T10:07:15+09:00","volume":0.010000000843324308}
{"amount":2127.65966796875,"createdAt":"2019-04-13T20:35:27+09:00","exchange":"upbit","fee":0.00002499999936844688,"level":"info","msg":"GatherTrades","orderID":"d509c3ed-f7e6-42c3-8ecf-d0ccaa3c6bab","pair":"BTC-META","price":0.000004699999863078119,"side":"bid","time":"2019-04-19T10:07:15+09:00","volume":0.010000000148129962}
{"amount":2136.752197265625,"createdAt":"2019-04-13T20:37:55+09:00","exchange":"upbit","fee":0.000025213674234692007,"level":"info","msg":"GatherTrades","orderID":"f97c0c22-114c-420d-8494-8642dd67840f","pair":"BTC-META","price":0.000004720000106317457,"side":"ask","time":"2019-04-19T10:07:15+09:00","volume":0.01008547059826781}
{"amount":2127.65966796875,"createdAt":"2019-04-13T20:56:26+09:00","exchange":"upbit","fee":0.000025212750188075006,"level":"info","msg":"GatherTrades","orderID":"967a808e-70d8-44e5-8c79-33a144031002","pair":"BTC-META","price":0.0000047399998948094435,"side":"ask","time":"2019-04-19T10:07:15+09:00","volume":0.01008510660236217}
{"amount":2123.142333984375,"createdAt":"2019-04-13T20:57:42+09:00","exchange":"upbit","fee":0.000025318449843325652,"level":"info","msg":"GatherTrades","orderID":"72bc0867-eeca-4bba-a02a-bd284949c517","pair":"BTC-META","price":0.0000047700000322947744,"side":"ask","time":"2019-04-19T10:07:15+09:00","volume":0.010127389001671872}
{"amount":2114.164794921875,"createdAt":"2019-04-13T21:03:09+09:00","exchange":"upbit","fee":0.00002499999936844688,"level":"info","msg":"GatherTrades","orderID":"6fa40480-3e70-4b95-b4f3-7dea2f26b333","pair":"BTC-META","price":0.00000473000000056345,"side":"bid","time":"2019-04-19T10:07:15+09:00","volume":0.009999999481171695}
{"amount":2123.142333984375,"createdAt":"2019-04-13T22:06:55+09:00","exchange":"upbit","fee":0.000025318449843325652,"level":"info","msg":"GatherTrades","orderID":"20293e6c-7599-490b-bef2-7efa3ab1f93b","pair":"BTC-META","price":0.0000047700000322947744,"side":"ask","time":"2019-04-19T10:07:15+09:00","volume":0.010127389001671872}
{"amount":2109.70458984375,"createdAt":"2019-04-13T22:09:08+09:00","exchange":"upbit","fee":0.000025210949388565496,"level":"info","msg":"GatherTrades","orderID":"acd5546b-b3d5-434c-8d97-cbb13ce03d74","pair":"BTC-META","price":0.000004779999926540768,"side":"ask","time":"2019-04-19T10:07:15+09:00","volume":0.010084387784475846}
{"amount":2100.84033203125,"createdAt":"2019-04-13T22:14:08+09:00","exchange":"upbit","fee":0.00002552519981691148,"level":"info","msg":"GatherTrades","orderID":"135f7d59-516b-49f6-9fa1-007eaf8b0fda","pair":"BTC-META","price":0.000004800000169780105,"side":"ask","time":"2019-04-19T10:07:15+09:00","volume":0.010084033950430893}
{"amount":2096.43603515625,"createdAt":"2019-04-13T22:14:14+09:00","exchange":"upbit","fee":0.00002547167423472274,"level":"info","msg":"GatherTrades","orderID":"3ec26ce7-6603-421a-8d78-e0ed4fa1d959","pair":"BTC-META","price":0.000004810000064026099,"side":"ask","time":"2019-04-19T10:07:15+09:00","volume":0.010083857463328183}
{"amount":2092.05029296875,"createdAt":"2019-04-13T22:14:19+09:00","exchange":"upbit","fee":0.00002541839967307169,"level":"info","msg":"GatherTrades","orderID":"2ec55034-abef-4bf3-843a-35614f7e85f7","pair":"BTC-META","price":0.00000484000020151143,"side":"ask","time":"2019-04-19T10:07:15+09:00","volume":0.010125523839540795}
{"amount":2083.333251953125,"createdAt":"2019-04-13T22:14:24+09:00","exchange":"upbit","fee":0.000025312474463135004,"level":"info","msg":"GatherTrades","orderID":"aa6fa40c-a4f5-4cfb-a082-6ad2497fe8e0","pair":"BTC-META","price":0.000004850000095757423,"side":"ask","time":"2019-04-19T10:07:15+09:00","volume":0.01010416647146728}
{"amount":2070.393310546875,"createdAt":"2019-04-13T22:14:30+09:00","exchange":"upbit","fee":0.000025207025828422047,"level":"info","msg":"GatherTrades","orderID":"66bca0b4-7d69-420f-a0d5-ac7d2830cc75","pair":"BTC-META","price":0.00000486999988424941,"side":"ask","time":"2019-04-19T10:07:15+09:00","volume":0.010082815182714033}
{"amount":2066.11572265625,"createdAt":"2019-04-13T22:14:35+09:00","exchange":"upbit","fee":0.000025206600184901617,"level":"info","msg":"GatherTrades","orderID":"28643c45-0fa5-4841-bc2e-1f04db666a14","pair":"BTC-META","price":0.000004879999778495403,"side":"ask","time":"2019-04-19T10:07:15+09:00","volume":0.01008264426890837}
{"amount":2061.855712890625,"createdAt":"2019-04-13T22:17:04+09:00","exchange":"upbit","fee":0.00002499999936844688,"level":"info","msg":"GatherTrades","orderID":"6364b452-abb9-45c4-afbf-81e68ad28659","pair":"BTC-META","price":0.000004850000095757423,"side":"bid","time":"2019-04-19T10:07:15+09:00","volume":0.01000000040495752}
{"amount":2070.393310546875,"createdAt":"2019-04-13T22:29:15+09:00","exchange":"upbit","fee":0.00002499999936844688,"level":"info","msg":"GatherTrades","orderID":"1d040c07-8e0c-4bc6-bef4-aa3d12f648e0","pair":"BTC-META","price":0.000004829999852518085,"side":"bid","time":"2019-04-19T10:07:15+09:00","volume":0.009999999384595837}
{"amount":2070.393310546875,"createdAt":"2019-04-13T22:29:15+09:00","exchange":"upbit","fee":0.000025310549972346053,"level":"info","msg":"GatherTrades","orderID":"ea6fd645-c828-4118-bc1d-db1c4355a78b","pair":"BTC-META","price":0.000004890000127488747,"side":"ask","time":"2019-04-19T10:07:15+09:00","volume":0.010124223552526068}
{"amount":2074.688720703125,"createdAt":"2019-04-13T23:58:26+09:00","exchange":"upbit","fee":0.000024896266040741466,"level":"info","msg":"GatherTrades","orderID":"9444c6d1-cbde-4686-897c-51f331dbf44c","pair":"BTC-META","price":0.000004819999958272092,"side":"bid","time":"2019-04-19T10:07:15+09:00","volume":0.009999999547216643}
{"amount":2074.688720703125,"createdAt":"2019-04-13T23:58:26+09:00","exchange":"upbit","fee":0.000025207449652953073,"level":"info","msg":"GatherTrades","orderID":"de323472-4868-45ca-ad98-65e29300be14","pair":"BTC-META","price":0.000004859999990003416,"side":"ask","time":"2019-04-19T10:07:15+09:00","volume":0.010082987161877388}
{"amount":2079.002197265625,"createdAt":"2019-04-13T23:58:31+09:00","exchange":"upbit","fee":0.000024948025384219363,"level":"info","msg":"GatherTrades","orderID":"b7c09f93-9b47-4ede-b86e-1ceeaeff67c0","pair":"BTC-META","price":0.000004810000064026099,"side":"bid","time":"2019-04-19T10:07:15+09:00","volume":0.010000000701958056}
{"amount":2079.002197265625,"createdAt":"2019-04-13T23:58:31+09:00","exchange":"upbit","fee":0.000025155924959108233,"level":"info","msg":"GatherTrades","orderID":"7a587a94-c867-4eb5-b05b-4df22bb96ff8","pair":"BTC-META","price":0.00000484000020151143,"side":"ask","time":"2019-04-19T10:07:15+09:00","volume":0.01006237105370833}
{"amount":2092.05029296875,"createdAt":"2019-04-13T23:58:36+09:00","exchange":"upbit","fee":0.00002499999936844688,"level":"info","msg":"GatherTrades","orderID":"450d1218-7fab-43e2-9166-a52f66e6ccfa","pair":"BTC-META","price":0.000004779999926540768,"side":"bid","time":"2019-04-19T10:07:15+09:00","volume":0.010000000246710217}
{"amount":2092.05029296875,"createdAt":"2019-04-13T23:58:37+09:00","exchange":"upbit","fee":0.00002531377504055854,"level":"info","msg":"GatherTrades","orderID":"3618eb5e-8797-4810-90b5-a7f5d3eed968","pair":"BTC-META","price":0.00000484000020151143,"side":"ask","time":"2019-04-19T10:07:15+09:00","volume":0.010125523839540795}
{"amount":2096.43603515625,"createdAt":"2019-04-14T00:20:14+09:00","exchange":"upbit","fee":0.00002499999936844688,"level":"info","msg":"GatherTrades","orderID":"77b0d5fe-1c85-4144-936e-7695fbef79aa","pair":"BTC-META","price":0.0000047700000322947744,"side":"bid","time":"2019-04-19T10:07:15+09:00","volume":0.009999999955399241}
{"amount":2096.43603515625,"createdAt":"2019-04-14T00:20:14+09:00","exchange":"upbit","fee":0.000025209625164279714,"level":"info","msg":"GatherTrades","orderID":"6a5005dd-d086-45f8-86d0-c8e9e74fb5dc","pair":"BTC-META","price":0.000004810000064026099,"side":"ask","time":"2019-04-19T10:07:15+09:00","volume":0.010083857463328183}
{"amount":1,"createdAt":"2019-04-19T10:20:15+09:00","exchange":"kucoin","fee":6.834000032540644e-8,"level":"info","msg":"GatherTrades","orderID":"5cb9224edcfd8261a0dbc1e6","pair":"META-ETH","price":0.00011390000145183876,"side":"buy","time":"2019-04-19T10:21:23+09:00","volume":0.00011390000145183876}
{"amount":86.64900207519531,"createdAt":"2019-04-19T10:20:09+09:00","exchange":"kucoin","fee":0.000005880001026525861,"level":"info","msg":"GatherTrades","orderID":"5cb92249dcfd8261a0dbc1e5","pair":"META-ETH","price":0.00011310000263620168,"side":"sell","time":"2019-04-19T10:21:23+09:00","volume":0.009800001978874207}
{"amount":85.76480102539062,"createdAt":"2019-04-19T10:20:09+09:00","exchange":"kucoin","fee":0.000005819999387313146,"level":"info","msg":"GatherTrades","orderID":"5cb92249dcfd8261a0dbc1e4","pair":"META-ETH","price":0.00011310000263620168,"side":"sell","time":"2019-04-19T10:21:23+09:00","volume":0.009699998423457146}
{"amount":1,"createdAt":"2019-04-19T10:24:04+09:00","exchange":"kucoin","fee":6.834000032540644e-8,"level":"info","msg":"GatherTrades","orderID":"5cb92334dcfd8261a0dbc1ee","pair":"META-ETH","price":0.00011390000145183876,"side":"buy","time":"2019-04-19T10:25:25+09:00","volume":0.00011390000145183876}
{"amount":87.533203125,"createdAt":"2019-04-19T10:24:01+09:00","exchange":"kucoin","fee":0.000005940003120485926,"level":"info","msg":"GatherTrades","orderID":"5cb92331dcfd8261a0dbc1ed","pair":"META-ETH","price":0.00011310000263620168,"side":"sell","time":"2019-04-19T10:25:25+09:00","volume":0.009900004602968693}
{"amount":1,"createdAt":"2019-04-19T10:30:47+09:00","exchange":"kucoin","fee":6.839999855401402e-8,"level":"info","msg":"GatherTrades","orderID":"5cb924c7dcfd8261a0dbc220","pair":"META-ETH","price":0.0001140000022132881,"side":"buy","time":"2019-04-19T10:31:29+09:00","volume":0.0001140000022132881}
{"amount":81.01370239257812,"createdAt":"2019-04-19T10:30:39+09:00","exchange":"kucoin","fee":0.000005536476237466559,"level":"info","msg":"GatherTrades","orderID":"5cb924bfdcfd8261a0dbc21e","pair":"META-ETH","price":0.00011390000145183876,"side":"sell","time":"2019-04-19T10:31:29+09:00","volume":0.009227460250258446}
{"amount":1,"createdAt":"2019-04-19T10:31:58+09:00","exchange":"kucoin","fee":6.828000209679885e-8,"level":"info","msg":"GatherTrades","orderID":"5cb9250edcfd8261a0dbc24e","pair":"META-ETH","price":0.00011380000069038942,"side":"buy","time":"2019-04-19T10:33:31+09:00","volume":0.00011380000069038942}
{"amount":2409.861328125,"createdAt":"2019-04-19T10:31:48+09:00","exchange":"kucoin","fee":0.000164256154675968,"level":"info","msg":"GatherTrades","orderID":"5cb92503dcfd8261a0dbc248","pair":"META-ETH","price":0.00011359999916749075,"side":"buy","time":"2019-04-19T10:33:31+09:00","volume":0.27376025915145874}
{"amount":126.97810363769531,"createdAt":"2019-04-19T10:31:47+09:00","exchange":"kucoin","fee":0.000008654827070131432,"level":"info","msg":"GatherTrades","orderID":"5cb92503dcfd8261a0dbc247","pair":"META-ETH","price":0.00011359999916749075,"side":"buy","time":"2019-04-19T10:33:31+09:00","volume":0.014424712397158146}
{"amount":797.2042846679688,"createdAt":"2019-04-19T10:31:47+09:00","exchange":"kucoin","fee":0.00005428961230791174,"level":"info","msg":"GatherTrades","orderID":"5cb92503dcfd8261a0dbc246","pair":"META-ETH","price":0.00011349999840604141,"side":"buy","time":"2019-04-19T10:33:31+09:00","volume":0.0904826894402504}
{"amount":412,"createdAt":"2019-04-19T10:31:47+09:00","exchange":"kucoin","fee":0.000028007760192849673,"level":"info","msg":"GatherTrades","orderID":"5cb92503dcfd8261a0dbc245","pair":"META-ETH","price":0.00011329999688314274,"side":"buy","time":"2019-04-19T10:33:31+09:00","volume":0.046679601073265076}
{"amount":126.97810363769531,"createdAt":"2019-04-19T10:31:47+09:00","exchange":"kucoin","fee":0.000008609114956925623,"level":"info","msg":"GatherTrades","orderID":"5cb92503dcfd8261a0dbc244","pair":"META-ETH","price":0.00011300000187475234,"side":"buy","time":"2019-04-19T10:33:31+09:00","volume":0.014348525553941727}
{"amount":126.97810363769531,"createdAt":"2019-04-19T10:31:47+09:00","exchange":"kucoin","fee":0.000008571021680836566,"level":"info","msg":"GatherTrades","orderID":"5cb92503dcfd8261a0dbc243","pair":"META-ETH","price":0.00011249999806750566,"side":"buy","time":"2019-04-19T10:33:31+09:00","volume":0.014285036362707615}
{"amount":11415.2626953125,"createdAt":"2019-04-19T10:31:39+09:00","exchange":"kucoin","fee":0.0007629961473867297,"level":"info","msg":"GatherTrades","orderID":"5cb924fbdcfd8261a0dbc240","pair":"META-ETH","price":0.00011139999696752056,"side":"sell","time":"2019-04-19T10:33:31+09:00","volume":1.271660327911377}
{"amount":2533.57666015625,"createdAt":"2019-04-19T10:31:39+09:00","exchange":"kucoin","fee":0.00017010433657560498,"level":"info","msg":"GatherTrades","orderID":"5cb924fbdcfd8261a0dbc23f","pair":"META-ETH","price":0.00011190000077476725,"side":"sell","time":"2019-04-19T10:33:31+09:00","volume":0.28350722789764404}
{"amount":126.97810363769531,"createdAt":"2019-04-19T10:31:39+09:00","exchange":"kucoin","fee":0.000008525309567630757,"level":"info","msg":"GatherTrades","orderID":"5cb924fbdcfd8261a0dbc23e","pair":"META-ETH","price":0.00011190000077476725,"side":"sell","time":"2019-04-19T10:33:31+09:00","volume":0.014208849519491196}
{"amount":797.2042846679688,"createdAt":"2019-04-19T10:31:39+09:00","exchange":"kucoin","fee":0.00005361996227293275,"level":"info","msg":"GatherTrades","orderID":"5cb924fbdcfd8261a0dbc23d","pair":"META-ETH","price":0.00011210000229766592,"side":"sell","time":"2019-04-19T10:33:31+09:00","volume":0.0893665999174118}
{"amount":126.97810363769531,"createdAt":"2019-04-19T10:31:39+09:00","exchange":"kucoin","fee":0.000008571021680836566,"level":"info","msg":"GatherTrades","orderID":"5cb924fbdcfd8261a0dbc23c","pair":"META-ETH","price":0.00011249999806750566,"side":"sell","time":"2019-04-19T10:33:31+09:00","volume":0.014285036362707615}
{"amount":1,"createdAt":"2019-04-19T10:39:26+09:00","exchange":"kucoin","fee":6.780000205708347e-8,"level":"info","msg":"GatherTrades","orderID":"5cb926cedcfd8261a0dbc2af","pair":"META-ETH","price":0.00011300000187475234,"side":"buy","time":"2019-04-19T10:39:35+09:00","volume":0.00011300000187475234}
{"amount":2334.043701171875,"createdAt":"2019-04-19T10:39:23+09:00","exchange":"kucoin","fee":0.00015698779316153377,"level":"info","msg":"GatherTrades","orderID":"5cb926cbdcfd8261a0dbc2ad","pair":"META-ETH","price":0.00011210000229766592,"side":"sell","time":"2019-04-19T10:39:35+09:00","volume":0.2616463005542755}
{"amount":412,"createdAt":"2019-04-19T10:39:23+09:00","exchange":"kucoin","fee":0.000027711119400919415,"level":"info","msg":"GatherTrades","orderID":"5cb926cbdcfd8261a0dbc2ac","pair":"META-ETH","price":0.00011210000229766592,"side":"sell","time":"2019-04-19T10:39:35+09:00","volume":0.0461851991713047}
{"amount":126.97810363769531,"createdAt":"2019-04-19T10:39:23+09:00","exchange":"kucoin","fee":0.000008571021680836566,"level":"info","msg":"GatherTrades","orderID":"5cb926cbdcfd8261a0dbc2ab","pair":"META-ETH","price":0.00011249999806750566,"side":"sell","time":"2019-04-19T10:39:35+09:00","volume":0.014285036362707615}
{"amount":126.97810363769531,"createdAt":"2019-04-19T10:39:23+09:00","exchange":"kucoin","fee":0.000008609114956925623,"level":"info","msg":"GatherTrades","orderID":"5cb926cbdcfd8261a0dbc2aa","pair":"META-ETH","price":0.00011300000187475234,"side":"sell","time":"2019-04-19T10:39:35+09:00","volume":0.014348525553941727}
{"amount":1,"createdAt":"2019-04-19T10:38:31+09:00","exchange":"kucoin","fee":6.821999676276391e-8,"level":"info","msg":"GatherTrades","orderID":"5cb92697dcfd8261a0dbc29b","pair":"META-ETH","price":0.00011369999992894009,"side":"buy","time":"2019-04-19T10:39:35+09:00","volume":0.00011369999992894009}
{"amount":86.57240295410156,"createdAt":"2019-04-19T10:38:25+09:00","exchange":"kucoin","fee":0.0000058799973885470536,"level":"info","msg":"GatherTrades","orderID":"5cb92691dcfd8261a0dbc299","pair":"META-ETH","price":0.00011320000339765102,"side":"sell","time":"2019-04-19T10:39:35+09:00","volume":0.009799995459616184}
{"amount":6.902500152587891,"createdAt":"2019-04-19T10:39:49+09:00","exchange":"kucoin","fee":4.7047439011294045e-7,"level":"info","msg":"GatherTrades","orderID":"5cb926e5dcfd8261a0dbc2ba","pair":"META-ETH","price":0.00011359999916749075,"side":"buy","time":"2019-04-19T10:41:36+09:00","volume":0.0007841240148991346}
{"amount":412,"createdAt":"2019-04-19T10:39:49+09:00","exchange":"kucoin","fee":0.000028007760192849673,"level":"info","msg":"GatherTrades","orderID":"5cb926e5dcfd8261a0dbc2b9","pair":"META-ETH","price":0.00011329999688314274,"side":"buy","time":"2019-04-19T10:41:36+09:00","volume":0.046679601073265076}
{"amount":41.09749984741211,"createdAt":"2019-04-19T10:39:49+09:00","exchange":"kucoin","fee":0.000002786410504995729,"level":"info","msg":"GatherTrades","orderID":"5cb926e5dcfd8261a0dbc2b8","pair":"META-ETH","price":0.00011300000187475234,"side":"buy","time":"2019-04-19T10:41:36+09:00","volume":0.004644017666578293}
{"amount":1,"createdAt":"2019-04-19T10:44:25+09:00","exchange":"kucoin","fee":6.810000030554875e-8,"level":"info","msg":"GatherTrades","orderID":"5cb927f9dcfd8261a0dbc2f7","pair":"META-ETH","price":0.00011349999840604141,"side":"buy","time":"2019-04-19T10:45:39+09:00","volume":0.00011349999840604141}
{"amount":87.92179870605469,"createdAt":"2019-04-19T10:44:19+09:00","exchange":"kucoin","fee":0.000005939996754023014,"level":"info","msg":"GatherTrades","orderID":"5cb927f3dcfd8261a0dbc2f4","pair":"META-ETH","price":0.000112599998828955,"side":"sell","time":"2019-04-19T10:45:39+09:00","volume":0.009899994358420372}
{"amount":87.03369903564453,"createdAt":"2019-04-19T10:44:19+09:00","exchange":"kucoin","fee":0.000005879996933799703,"level":"info","msg":"GatherTrades","orderID":"5cb927f3dcfd8261a0dbc2f3","pair":"META-ETH","price":0.000112599998828955,"side":"sell","time":"2019-04-19T10:45:39+09:00","volume":0.00979999452829361}
{"amount":1,"createdAt":"2019-04-19T10:46:21+09:00","exchange":"kucoin","fee":6.810000030554875e-8,"level":"info","msg":"GatherTrades","orderID":"5cb9286ddcfd8261a0dbc312","pair":"META-ETH","price":0.00011349999840604141,"side":"buy","time":"2019-04-19T10:47:40+09:00","volume":0.00011349999840604141}
{"amount":87.84380340576172,"createdAt":"2019-04-19T10:46:15+09:00","exchange":"kucoin","fee":0.000005939997663517715,"level":"info","msg":"GatherTrades","orderID":"5cb92867dcfd8261a0dbc30e","pair":"META-ETH","price":0.00011269999959040433,"side":"sell","time":"2019-04-19T10:47:40+09:00","volume":0.009899996221065521}
{"amount":0.021900000050663948,"createdAt":"2019-04-19T10:48:15+09:00","exchange":"kucoin","fee":1.491390011487681e-9,"level":"info","msg":"GatherTrades","orderID":"5cb928dedcfd8261a0dbc32c","pair":"META-ETH","price":0.00011349999840604141,"side":"buy","time":"2019-04-19T10:49:41+09:00","volume":0.0000024856499294401146}
{"amount":125.97810363769531,"createdAt":"2019-04-19T10:48:15+09:00","exchange":"kucoin","fee":0.000008541314855392557,"level":"info","msg":"GatherTrades","orderID":"5cb928dedcfd8261a0dbc32b","pair":"META-ETH","price":0.00011300000187475234,"side":"buy","time":"2019-04-19T10:49:41+09:00","volume":0.014235525391995907}
{"amount":1,"createdAt":"2019-04-19T10:47:48+09:00","exchange":"kucoin","fee":6.780000205708347e-8,"level":"info","msg":"GatherTrades","orderID":"5cb928c4dcfd8261a0dbc325","pair":"META-ETH","price":0.00011300000187475234,"side":"buy","time":"2019-04-19T10:49:41+09:00","volume":0.00011300000187475234}
{"amount":126.97810363769531,"createdAt":"2019-04-19T10:47:43+09:00","exchange":"kucoin","fee":0.000008571021680836566,"level":"info","msg":"GatherTrades","orderID":"5cb928bfdcfd8261a0dbc324","pair":"META-ETH","price":0.00011249999806750566,"side":"sell","time":"2019-04-19T10:49:41+09:00","volume":0.014285036362707615}
{"amount":1,"createdAt":"2019-04-19T10:51:07+09:00","exchange":"kucoin","fee":6.810000030554875e-8,"level":"info","msg":"GatherTrades","orderID":"5cb9298bdcfd8261a0dbc35d","pair":"META-ETH","price":0.00011349999840604141,"side":"buy","time":"2019-04-19T10:51:42+09:00","volume":0.00011349999840604141}
{"amount":84,"createdAt":"2019-04-19T10:51:02+09:00","exchange":"kucoin","fee":0.0000056800799939082935,"level":"info","msg":"GatherTrades","orderID":"5cb92986dcfd8261a0dbc35b","pair":"META-ETH","price":0.00011269999959040433,"side":"sell","time":"2019-04-19T10:51:42+09:00","volume":0.009466799907386303}
{"amount":1,"createdAt":"2019-04-19T10:53:55+09:00","exchange":"kucoin","fee":6.810000030554875e-8,"level":"info","msg":"GatherTrades","orderID":"5cb92a33dcfd8261a0dbc38b","pair":"META-ETH","price":0.00011349999840604141,"side":"buy","time":"2019-04-19T10:55:45+09:00","volume":0.00011349999840604141}
{"amount":85,"createdAt":"2019-04-19T10:53:50+09:00","exchange":"kucoin","fee":0.000005742600023950217,"level":"info","msg":"GatherTrades","orderID":"5cb92a2edcfd8261a0dbc38a","pair":"META-ETH","price":0.000112599998828955,"side":"sell","time":"2019-04-19T10:55:45+09:00","volume":0.009571000002324581}
{"amount":126.74250030517578,"createdAt":"2019-04-19T10:57:42+09:00","exchange":"kucoin","fee":0.000008555119165976066,"level":"info","msg":"GatherTrades","orderID":"5cb92b16dcfd8261a0dbc3c8","pair":"META-ETH","price":0.00011249999806750566,"side":"sell","time":"2019-04-19T10:57:45+09:00","volume":0.014258530922234058}
{"amount":0.2574999928474426,"createdAt":"2019-04-19T10:57:42+09:00","exchange":"kucoin","fee":1.739669919231801e-8,"level":"info","msg":"GatherTrades","orderID":"5cb92b16dcfd8261a0dbc3c7","pair":"META-ETH","price":0.000112599998828955,"side":"sell","time":"2019-04-19T10:57:45+09:00","volume":0.00002899450009863358}
{"amount":1,"createdAt":"2019-04-19T10:58:00+09:00","exchange":"kucoin","fee":6.815999853415633e-8,"level":"info","msg":"GatherTrades","orderID":"5cb92b28dcfd8261a0dbc3d0","pair":"META-ETH","price":0.00011359999916749075,"side":"buy","time":"2019-04-19T10:59:46+09:00","volume":0.00011359999916749075}
{"amount":218,"createdAt":"2019-04-19T11:39:34+09:00","exchange":"kucoin","fee":0.000010525040124775842,"level":"info","msg":"GatherTrades","orderID":"5cb934e6dcfd8261a0dbc5ce","pair":"META-ETH","price":0.00011359999916749075,"side":"sell","time":"2019-04-19T11:40:07+09:00","volume":0.02476480044424534}
{"amount":693.1199951171875,"createdAt":"2019-04-19T11:39:34+09:00","exchange":"kucoin","fee":0.00003343437492731027,"level":"info","msg":"GatherTrades","orderID":"5cb934e6dcfd8261a0dbc5ca","pair":"META-ETH","price":0.00011349999840604141,"side":"sell","time":"2019-04-19T11:40:07+09:00","volume":0.07866912335157394}
{"amount":90,"createdAt":"2019-04-19T12:51:10+09:00","exchange":"kucoin","fee":0.000004341375188232632,"level":"info","msg":"GatherTrades","orderID":"5cb945addcfd8261a0dbc660","pair":"META-ETH","price":0.00011349999840604141,"side":"sell","time":"2019-04-19T12:52:47+09:00","volume":0.010215000249445438}
{"amount":213,"createdAt":"2019-04-19T12:59:04+09:00","exchange":"kucoin","fee":0.00001030174462357536,"level":"info","msg":"GatherTrades","orderID":"5cb94788dcfd8261a0dbc668","pair":"META-ETH","price":0.00011380000069038942,"side":"sell","time":"2019-04-19T13:00:52+09:00","volume":0.024239400401711464}
{"amount":9442,"createdAt":"2019-04-19T12:59:04+09:00","exchange":"kucoin","fee":0.00045545847387984395,"level":"info","msg":"GatherTrades","orderID":"5cb94788dcfd8261a0dbc664","pair":"META-ETH","price":0.00011349999840604141,"side":"sell","time":"2019-04-19T13:00:52+09:00","volume":1.071666955947876}
